[2024-11-19T12:32:37.170Z] INFO: Iniciando servidor...
[2024-11-19T12:32:37.171Z] INFO: Modelos cargados: Authentication, meals, menu, user_meals, usuario, sequelize, Sequelize
[2024-11-19T12:32:37.217Z] INFO: Conexión exitosa a la base de datos.
[2024-11-19T12:32:37.218Z] INFO: Sincronización de todas las tablas completada.
[2024-11-19T12:32:37.219Z] INFO: Servidor ejecutándose en el puerto 5001
[2024-11-19T12:32:37.220Z] INFO: Menus encontrados: [{"id":1,"userId":11,"mealId":1,"name":"Breakfast Burrito","calories":300,"protein":12,"fats":15,"carbs":30,"mealType":"unknown","createdAt":"2024-11-19T09:08:35.119Z","updatedAt":"2024-11-19T09:08:35.119Z"},{"id":2,"userId":11,"mealId":7,"name":"Turkey Sandwich","calories":320,"protein":25,"fats":10,"carbs":40,"mealType":"unknown","createdAt":"2024-11-19T09:43:31.925Z","updatedAt":"2024-11-19T09:43:31.925Z"}]
[2024-11-19T12:32:40.938Z] INFO: [PROFILING] Get All Meals [Request ID: b8b0958b-21b6-4834-93fa-a7c45b58fec7] - Start
[2024-11-19T12:32:40.944Z] INFO: [PROFILING] Get All Meals [Request ID: b8b0958b-21b6-4834-93fa-a7c45b58fec7] - ⚡ Cache hit for all_meals
[2024-11-19T12:32:40.945Z] INFO: [PROFILING] Get All Meals [Request ID: b8b0958b-21b6-4834-93fa-a7c45b58fec7] - Response Time: 5ms
[2024-11-19T12:32:40.945Z] INFO: [PROFILING] Get All Meals [Request ID: b8b0958b-21b6-4834-93fa-a7c45b58fec7] - End
[2024-11-19T12:32:40.951Z] INFO: [PROFILING] Get All Meals [Request ID: 2a2084bc-669b-4bef-9ca4-448e171f6f86] - Start
[2024-11-19T12:32:40.952Z] INFO: [PROFILING] Get All Meals [Request ID: 2a2084bc-669b-4bef-9ca4-448e171f6f86] - ⚡ Cache hit for all_meals
[2024-11-19T12:32:40.952Z] INFO: [PROFILING] Get All Meals [Request ID: 2a2084bc-669b-4bef-9ca4-448e171f6f86] - Response Time: 1ms
[2024-11-19T12:32:40.953Z] INFO: [PROFILING] Get All Meals [Request ID: 2a2084bc-669b-4bef-9ca4-448e171f6f86] - End
[2024-11-19T12:32:58.429Z] INFO: [PROFILING] Create Meal [Request ID: b7637da7-372f-4b55-96e2-05ef2b1b63bb] - Start
[2024-11-19T12:32:58.431Z] ERROR: [PROFILING] Create Meal [Request ID: b7637da7-372f-4b55-96e2-05ef2b1b63bb] - Error: MealsRepository.createMeal is not a function
[2024-11-19T12:32:58.431Z] INFO: [PROFILING] Create Meal [Request ID: b7637da7-372f-4b55-96e2-05ef2b1b63bb] - Response Time: 1ms
[2024-11-19T12:32:58.432Z] INFO: [PROFILING] Create Meal [Request ID: b7637da7-372f-4b55-96e2-05ef2b1b63bb] - End
[2024-11-19T12:33:35.710Z] INFO: [PROFILING] Create Meal [Request ID: c78a0091-2590-4544-9993-5f01a49f048a] - Start
[2024-11-19T12:33:35.714Z] ERROR: [PROFILING] Create Meal [Request ID: c78a0091-2590-4544-9993-5f01a49f048a] - Error: MealsRepository.createMeal is not a function
[2024-11-19T12:33:35.714Z] INFO: [PROFILING] Create Meal [Request ID: c78a0091-2590-4544-9993-5f01a49f048a] - Response Time: 1ms
[2024-11-19T12:33:35.715Z] INFO: [PROFILING] Create Meal [Request ID: c78a0091-2590-4544-9993-5f01a49f048a] - End
[2024-11-19T12:36:02.868Z] INFO: Iniciando servidor...
[2024-11-19T12:36:02.869Z] INFO: Modelos cargados: Authentication, meals, menu, user_meals, usuario, sequelize, Sequelize
[2024-11-19T12:36:02.922Z] INFO: Conexión exitosa a la base de datos.
[2024-11-19T12:36:02.924Z] INFO: Sincronización de todas las tablas completada.
[2024-11-19T12:36:02.927Z] INFO: Servidor ejecutándose en el puerto 5001
[2024-11-19T12:36:02.929Z] INFO: Menus encontrados: [{"id":1,"userId":11,"mealId":1,"name":"Breakfast Burrito","calories":300,"protein":12,"fats":15,"carbs":30,"mealType":"unknown","createdAt":"2024-11-19T09:08:35.119Z","updatedAt":"2024-11-19T09:08:35.119Z"},{"id":2,"userId":11,"mealId":7,"name":"Turkey Sandwich","calories":320,"protein":25,"fats":10,"carbs":40,"mealType":"unknown","createdAt":"2024-11-19T09:43:31.925Z","updatedAt":"2024-11-19T09:43:31.925Z"}]
[2024-11-19T12:36:07.101Z] INFO: [PROFILING] Create Meal [Request ID: cb2fdab6-6435-45a0-8725-1e876deed3e6] - Start
[2024-11-19T12:36:07.102Z] INFO: [PROFILING START] Database Query: Create Meal
[2024-11-19T12:36:07.129Z] INFO: [PROFILING END] Database Query: Create Meal
[2024-11-19T12:36:07.129Z] INFO: [PROFILING] Create Meal [Request ID: cb2fdab6-6435-45a0-8725-1e876deed3e6] - ✅ Meal created: Tamales de Chipilin
[2024-11-19T12:36:07.130Z] INFO: [PROFILING] Create Meal [Request ID: cb2fdab6-6435-45a0-8725-1e876deed3e6] - Response Time: 27ms
[2024-11-19T12:36:07.130Z] INFO: [PROFILING] Create Meal [Request ID: cb2fdab6-6435-45a0-8725-1e876deed3e6] - End
[2024-11-19T12:36:07.142Z] INFO: [PROFILING] Get All Meals [Request ID: 689ab5cc-d74b-4e23-9e88-696a6afe3f16] - Start
[2024-11-19T12:36:07.144Z] INFO: [PROFILING] Get All Meals [Request ID: 689ab5cc-d74b-4e23-9e88-696a6afe3f16] - ⚡ Cache hit for all_meals
[2024-11-19T12:36:07.144Z] INFO: [PROFILING] Get All Meals [Request ID: 689ab5cc-d74b-4e23-9e88-696a6afe3f16] - Response Time: 2ms
[2024-11-19T12:36:07.145Z] INFO: [PROFILING] Get All Meals [Request ID: 689ab5cc-d74b-4e23-9e88-696a6afe3f16] - End
[2024-11-19T12:36:11.798Z] INFO: [PROFILING] Get All Meals [Request ID: b3544884-a8d2-45ab-b6b5-1527f2cf85c0] - Start
[2024-11-19T12:36:11.828Z] INFO: [PROFILING] Get All Meals [Request ID: b3544884-a8d2-45ab-b6b5-1527f2cf85c0] - ⚡ Cache hit for all_meals
[2024-11-19T12:36:11.829Z] INFO: [PROFILING] Get All Meals [Request ID: b3544884-a8d2-45ab-b6b5-1527f2cf85c0] - Response Time: 28ms
[2024-11-19T12:36:11.829Z] INFO: [PROFILING] Get All Meals [Request ID: b3544884-a8d2-45ab-b6b5-1527f2cf85c0] - End
[2024-11-19T12:36:11.837Z] INFO: [PROFILING] Get All Meals [Request ID: 3ff10567-d4f8-494b-83ec-6f92adaef50c] - Start
[2024-11-19T12:36:11.867Z] INFO: [PROFILING] Get All Meals [Request ID: 3ff10567-d4f8-494b-83ec-6f92adaef50c] - ⚡ Cache hit for all_meals
[2024-11-19T12:36:11.870Z] INFO: [PROFILING] Get All Meals [Request ID: 3ff10567-d4f8-494b-83ec-6f92adaef50c] - Response Time: 23ms
[2024-11-19T12:36:11.870Z] INFO: [PROFILING] Get All Meals [Request ID: 3ff10567-d4f8-494b-83ec-6f92adaef50c] - End
[2024-11-19T12:36:27.211Z] INFO: [PROFILING] Create Meal [Request ID: 7133ee93-7d65-4c2e-972d-6a95fd1d22a5] - Start
[2024-11-19T12:36:27.214Z] INFO: [PROFILING START] Database Query: Create Meal
[2024-11-19T12:36:27.250Z] INFO: [PROFILING END] Database Query: Create Meal
[2024-11-19T12:36:27.250Z] INFO: [PROFILING] Create Meal [Request ID: 7133ee93-7d65-4c2e-972d-6a95fd1d22a5] - ✅ Meal created: Tamales de Chipilin
[2024-11-19T12:36:27.251Z] INFO: [PROFILING] Create Meal [Request ID: 7133ee93-7d65-4c2e-972d-6a95fd1d22a5] - Response Time: 37ms
[2024-11-19T12:36:27.251Z] INFO: [PROFILING] Create Meal [Request ID: 7133ee93-7d65-4c2e-972d-6a95fd1d22a5] - End
[2024-11-19T12:36:27.257Z] INFO: [PROFILING] Get All Meals [Request ID: ca8da1e6-c62c-4c0a-85f8-5170577133ad] - Start
[2024-11-19T12:36:27.259Z] INFO: [PROFILING] Get All Meals [Request ID: ca8da1e6-c62c-4c0a-85f8-5170577133ad] - ⚡ Cache hit for all_meals
[2024-11-19T12:36:27.259Z] INFO: [PROFILING] Get All Meals [Request ID: ca8da1e6-c62c-4c0a-85f8-5170577133ad] - Response Time: 2ms
[2024-11-19T12:36:27.259Z] INFO: [PROFILING] Get All Meals [Request ID: ca8da1e6-c62c-4c0a-85f8-5170577133ad] - End
[2024-11-19T12:36:33.819Z] INFO: [PROFILING] Get All Meals [Request ID: 5a65b405-ca1a-4e18-9b37-b82588080a26] - Start
[2024-11-19T12:36:33.821Z] INFO: [PROFILING] Get All Meals [Request ID: 5a65b405-ca1a-4e18-9b37-b82588080a26] - ⚡ Cache hit for all_meals
[2024-11-19T12:36:33.822Z] INFO: [PROFILING] Get All Meals [Request ID: 5a65b405-ca1a-4e18-9b37-b82588080a26] - Response Time: 2ms
[2024-11-19T12:36:33.822Z] INFO: [PROFILING] Get All Meals [Request ID: 5a65b405-ca1a-4e18-9b37-b82588080a26] - End
[2024-11-19T12:36:34.550Z] INFO: [PROFILING] Get All Meals [Request ID: 2763c822-6be3-4562-8e45-f3108739f9e5] - Start
[2024-11-19T12:36:34.553Z] INFO: [PROFILING] Get All Meals [Request ID: 2763c822-6be3-4562-8e45-f3108739f9e5] - ⚡ Cache hit for all_meals
[2024-11-19T12:36:34.553Z] INFO: [PROFILING] Get All Meals [Request ID: 2763c822-6be3-4562-8e45-f3108739f9e5] - Response Time: 1ms
[2024-11-19T12:36:34.553Z] INFO: [PROFILING] Get All Meals [Request ID: 2763c822-6be3-4562-8e45-f3108739f9e5] - End
[2024-11-19T12:36:34.705Z] INFO: [PROFILING] Get All Meals [Request ID: cc34edfe-2971-40e6-9c60-61ef44410cd1] - Start
[2024-11-19T12:36:34.707Z] INFO: [PROFILING] Get All Meals [Request ID: cc34edfe-2971-40e6-9c60-61ef44410cd1] - ⚡ Cache hit for all_meals
[2024-11-19T12:36:34.707Z] INFO: [PROFILING] Get All Meals [Request ID: cc34edfe-2971-40e6-9c60-61ef44410cd1] - Response Time: 2ms
[2024-11-19T12:36:34.707Z] INFO: [PROFILING] Get All Meals [Request ID: cc34edfe-2971-40e6-9c60-61ef44410cd1] - End
[2024-11-19T12:36:34.849Z] INFO: [PROFILING] Get All Meals [Request ID: 1cb1f5b6-d016-4891-83d9-8efb514933bd] - Start
[2024-11-19T12:36:34.851Z] INFO: [PROFILING] Get All Meals [Request ID: 1cb1f5b6-d016-4891-83d9-8efb514933bd] - ⚡ Cache hit for all_meals
[2024-11-19T12:36:34.851Z] INFO: [PROFILING] Get All Meals [Request ID: 1cb1f5b6-d016-4891-83d9-8efb514933bd] - Response Time: 2ms
[2024-11-19T12:36:34.851Z] INFO: [PROFILING] Get All Meals [Request ID: 1cb1f5b6-d016-4891-83d9-8efb514933bd] - End
[2024-11-19T12:38:12.734Z] INFO: [PROFILING] Get All Meals [Request ID: 7baeb1d7-efd6-4f4a-a5f5-ccb471c6bc17] - Start
[2024-11-19T12:38:12.737Z] INFO: [PROFILING] Get All Meals [Request ID: 7baeb1d7-efd6-4f4a-a5f5-ccb471c6bc17] - ⚡ Cache hit for all_meals
[2024-11-19T12:38:12.737Z] INFO: [PROFILING] Get All Meals [Request ID: 7baeb1d7-efd6-4f4a-a5f5-ccb471c6bc17] - Response Time: 3ms
[2024-11-19T12:38:12.737Z] INFO: [PROFILING] Get All Meals [Request ID: 7baeb1d7-efd6-4f4a-a5f5-ccb471c6bc17] - End
[2024-11-19T12:38:12.741Z] INFO: [PROFILING] Get All Meals [Request ID: 6bd0df78-28fb-4b33-a7f3-8409a7698afd] - Start
[2024-11-19T12:38:12.742Z] INFO: [PROFILING] Get All Meals [Request ID: 6bd0df78-28fb-4b33-a7f3-8409a7698afd] - ⚡ Cache hit for all_meals
[2024-11-19T12:38:12.743Z] INFO: [PROFILING] Get All Meals [Request ID: 6bd0df78-28fb-4b33-a7f3-8409a7698afd] - Response Time: 1ms
[2024-11-19T12:38:12.743Z] INFO: [PROFILING] Get All Meals [Request ID: 6bd0df78-28fb-4b33-a7f3-8409a7698afd] - End
[2024-11-19T12:38:29.160Z] INFO: [PROFILING] Create Meal [Request ID: 635c9261-900e-4fd9-8800-48c4f1502a50] - Start
[2024-11-19T12:38:29.162Z] INFO: [PROFILING START] Database Query: Create Meal
[2024-11-19T12:38:29.219Z] INFO: [PROFILING END] Database Query: Create Meal
[2024-11-19T12:38:29.219Z] INFO: [PROFILING] Create Meal [Request ID: 635c9261-900e-4fd9-8800-48c4f1502a50] - ✅ Meal created: Tamales de Chipilin
[2024-11-19T12:38:29.220Z] INFO: [PROFILING] Create Meal [Request ID: 635c9261-900e-4fd9-8800-48c4f1502a50] - Response Time: 57ms
[2024-11-19T12:38:29.220Z] INFO: [PROFILING] Create Meal [Request ID: 635c9261-900e-4fd9-8800-48c4f1502a50] - End
[2024-11-19T12:38:29.235Z] INFO: [PROFILING] Get All Meals [Request ID: 0816cfbd-c546-4d9a-ba38-ca41f2586d45] - Start
[2024-11-19T12:38:29.243Z] INFO: [PROFILING] Get All Meals [Request ID: 0816cfbd-c546-4d9a-ba38-ca41f2586d45] - ⚡ Cache hit for all_meals
[2024-11-19T12:38:29.244Z] INFO: [PROFILING] Get All Meals [Request ID: 0816cfbd-c546-4d9a-ba38-ca41f2586d45] - Response Time: 6ms
[2024-11-19T12:38:29.244Z] INFO: [PROFILING] Get All Meals [Request ID: 0816cfbd-c546-4d9a-ba38-ca41f2586d45] - End
[2024-11-19T12:38:32.514Z] INFO: [PROFILING] Get All Meals [Request ID: 2b0ff617-eb4b-43c0-b826-bf8576d2040e] - Start
[2024-11-19T12:38:32.515Z] INFO: [PROFILING] Get All Meals [Request ID: 2b0ff617-eb4b-43c0-b826-bf8576d2040e] - ⚡ Cache hit for all_meals
[2024-11-19T12:38:32.515Z] INFO: [PROFILING] Get All Meals [Request ID: 2b0ff617-eb4b-43c0-b826-bf8576d2040e] - Response Time: 0ms
[2024-11-19T12:38:32.515Z] INFO: [PROFILING] Get All Meals [Request ID: 2b0ff617-eb4b-43c0-b826-bf8576d2040e] - End
[2024-11-19T12:41:15.919Z] INFO: [PROFILING] Get All Meals [Request ID: 844f2044-0808-472d-8b4e-ddd66605eede] - Start
[2024-11-19T12:41:15.924Z] INFO: [PROFILING] Get All Meals [Request ID: 844f2044-0808-472d-8b4e-ddd66605eede] - ⚡ Cache hit for all_meals
[2024-11-19T12:41:15.925Z] INFO: [PROFILING] Get All Meals [Request ID: 844f2044-0808-472d-8b4e-ddd66605eede] - Response Time: 5ms
[2024-11-19T12:41:15.925Z] INFO: [PROFILING] Get All Meals [Request ID: 844f2044-0808-472d-8b4e-ddd66605eede] - End
[2024-11-19T12:41:15.929Z] INFO: [PROFILING] Get All Meals [Request ID: 59a46854-b054-4d4d-9cc0-00c07ccad5e8] - Start
[2024-11-19T12:41:15.935Z] INFO: [PROFILING] Get All Meals [Request ID: 59a46854-b054-4d4d-9cc0-00c07ccad5e8] - ⚡ Cache hit for all_meals
[2024-11-19T12:41:15.935Z] INFO: [PROFILING] Get All Meals [Request ID: 59a46854-b054-4d4d-9cc0-00c07ccad5e8] - Response Time: 4ms
[2024-11-19T12:41:15.936Z] INFO: [PROFILING] Get All Meals [Request ID: 59a46854-b054-4d4d-9cc0-00c07ccad5e8] - End
[2024-11-19T12:41:53.780Z] INFO: [PROFILING] Get All Meals [Request ID: e272d797-ef3f-470c-b207-7fb7272d3af8] - Start
[2024-11-19T12:41:53.785Z] INFO: [PROFILING] Get All Meals [Request ID: e272d797-ef3f-470c-b207-7fb7272d3af8] - ⚡ Cache hit for all_meals
[2024-11-19T12:41:53.785Z] INFO: [PROFILING] Get All Meals [Request ID: e272d797-ef3f-470c-b207-7fb7272d3af8] - Response Time: 4ms
[2024-11-19T12:41:53.786Z] INFO: [PROFILING] Get All Meals [Request ID: e272d797-ef3f-470c-b207-7fb7272d3af8] - End
[2024-11-19T12:41:53.795Z] INFO: [PROFILING] Get All Meals [Request ID: 07e4bbc9-3e03-4bf6-9bb5-3b972c1bb338] - Start
[2024-11-19T12:41:53.797Z] INFO: [PROFILING] Get All Meals [Request ID: 07e4bbc9-3e03-4bf6-9bb5-3b972c1bb338] - ⚡ Cache hit for all_meals
[2024-11-19T12:41:53.798Z] INFO: [PROFILING] Get All Meals [Request ID: 07e4bbc9-3e03-4bf6-9bb5-3b972c1bb338] - Response Time: 2ms
[2024-11-19T12:41:53.798Z] INFO: [PROFILING] Get All Meals [Request ID: 07e4bbc9-3e03-4bf6-9bb5-3b972c1bb338] - End
[2024-11-19T12:41:57.287Z] INFO: [PROFILING] Get All Meals [Request ID: c880f16e-2a56-434f-8742-9cd8883f7b5c] - Start
[2024-11-19T12:41:57.288Z] INFO: [PROFILING] Get All Meals [Request ID: c880f16e-2a56-434f-8742-9cd8883f7b5c] - ⚡ Cache hit for all_meals
[2024-11-19T12:41:57.288Z] INFO: [PROFILING] Get All Meals [Request ID: c880f16e-2a56-434f-8742-9cd8883f7b5c] - Response Time: 1ms
[2024-11-19T12:41:57.289Z] INFO: [PROFILING] Get All Meals [Request ID: c880f16e-2a56-434f-8742-9cd8883f7b5c] - End
[2024-11-19T12:42:27.596Z] INFO: [PROFILING] Get All Meals [Request ID: 7f3a05f7-1cab-424a-b385-b3ba32cb74f7] - Start
[2024-11-19T12:42:27.606Z] INFO: [PROFILING] Get All Meals [Request ID: 7f3a05f7-1cab-424a-b385-b3ba32cb74f7] - ⚡ Cache hit for all_meals
[2024-11-19T12:42:27.612Z] INFO: [PROFILING] Get All Meals [Request ID: 7f3a05f7-1cab-424a-b385-b3ba32cb74f7] - Response Time: 6ms
[2024-11-19T12:42:27.612Z] INFO: [PROFILING] Get All Meals [Request ID: 7f3a05f7-1cab-424a-b385-b3ba32cb74f7] - End
[2024-11-19T12:42:54.991Z] INFO: [PROFILING] Get All Meals [Request ID: 3fb75906-4cda-49ce-bd96-126be620bfbd] - Start
[2024-11-19T12:42:55.000Z] INFO: [PROFILING] Get All Meals [Request ID: 3fb75906-4cda-49ce-bd96-126be620bfbd] - ⚡ Cache hit for all_meals
[2024-11-19T12:42:55.001Z] INFO: [PROFILING] Get All Meals [Request ID: 3fb75906-4cda-49ce-bd96-126be620bfbd] - Response Time: 6ms
[2024-11-19T12:42:55.002Z] INFO: [PROFILING] Get All Meals [Request ID: 3fb75906-4cda-49ce-bd96-126be620bfbd] - End
[2024-11-19T12:42:55.007Z] INFO: [PROFILING] Get All Meals [Request ID: 268f6034-8634-4add-97ca-3ba4621cb307] - Start
[2024-11-19T12:42:55.009Z] INFO: [PROFILING] Get All Meals [Request ID: 268f6034-8634-4add-97ca-3ba4621cb307] - ⚡ Cache hit for all_meals
[2024-11-19T12:42:55.009Z] INFO: [PROFILING] Get All Meals [Request ID: 268f6034-8634-4add-97ca-3ba4621cb307] - Response Time: 1ms
[2024-11-19T12:42:55.010Z] INFO: [PROFILING] Get All Meals [Request ID: 268f6034-8634-4add-97ca-3ba4621cb307] - End
[2024-11-19T12:43:07.099Z] INFO: [PROFILING] Get All Meals [Request ID: 2ea0a45e-ee5d-4045-9967-307f2aebd041] - Start
[2024-11-19T12:43:07.102Z] INFO: [PROFILING] Get All Meals [Request ID: 2ea0a45e-ee5d-4045-9967-307f2aebd041] - ⚡ Cache hit for all_meals
[2024-11-19T12:43:07.102Z] INFO: [PROFILING] Get All Meals [Request ID: 2ea0a45e-ee5d-4045-9967-307f2aebd041] - Response Time: 2ms
[2024-11-19T12:43:07.102Z] INFO: [PROFILING] Get All Meals [Request ID: 2ea0a45e-ee5d-4045-9967-307f2aebd041] - End
[2024-11-19T12:43:07.420Z] INFO: [PROFILING] Get All Meals [Request ID: 824d458d-776d-4705-a972-be707130546a] - Start
[2024-11-19T12:43:07.421Z] INFO: [PROFILING] Get All Meals [Request ID: 824d458d-776d-4705-a972-be707130546a] - ⚡ Cache hit for all_meals
[2024-11-19T12:43:07.422Z] INFO: [PROFILING] Get All Meals [Request ID: 824d458d-776d-4705-a972-be707130546a] - Response Time: 1ms
[2024-11-19T12:43:07.422Z] INFO: [PROFILING] Get All Meals [Request ID: 824d458d-776d-4705-a972-be707130546a] - End
[2024-11-19T12:43:07.935Z] INFO: [PROFILING] Get All Meals [Request ID: 98595a9a-86d6-4c05-8255-6831523080c4] - Start
[2024-11-19T12:43:07.937Z] INFO: [PROFILING] Get All Meals [Request ID: 98595a9a-86d6-4c05-8255-6831523080c4] - ⚡ Cache hit for all_meals
[2024-11-19T12:43:07.937Z] INFO: [PROFILING] Get All Meals [Request ID: 98595a9a-86d6-4c05-8255-6831523080c4] - Response Time: 2ms
[2024-11-19T12:43:07.937Z] INFO: [PROFILING] Get All Meals [Request ID: 98595a9a-86d6-4c05-8255-6831523080c4] - End
[2024-11-19T13:00:14.816Z] INFO: Iniciando servidor...
[2024-11-19T13:00:14.816Z] INFO: Modelos cargados: Authentication, meals, menu, user_meals, usuario, sequelize, Sequelize
[2024-11-19T13:00:14.874Z] INFO: Conexión exitosa a la base de datos.
[2024-11-19T13:00:14.875Z] INFO: Sincronización de todas las tablas completada.
[2024-11-19T13:00:14.877Z] INFO: Servidor ejecutándose en el puerto 5001
[2024-11-19T13:00:14.878Z] INFO: Menus encontrados: []
[2024-11-19T13:00:19.752Z] INFO: [PROFILING] Get All Meals [Request ID: 18a5a965-fcfa-42da-b816-7c24efa079eb] - Start
[2024-11-19T13:00:19.770Z] WARN: [PROFILING] Get All Meals [Request ID: 18a5a965-fcfa-42da-b816-7c24efa079eb] - ❌ Cache miss for all_meals
[2024-11-19T13:00:19.770Z] INFO: [PROFILING START] Database Query: Get All Meals
[2024-11-19T13:00:19.804Z] INFO: [PROFILING END] Database Query: Get All Meals
[2024-11-19T13:00:19.810Z] INFO: [PROFILING] Get All Meals [Request ID: 18a5a965-fcfa-42da-b816-7c24efa079eb] - ✅ Data cached for all_meals
[2024-11-19T13:00:19.810Z] INFO: [PROFILING] Get All Meals [Request ID: 18a5a965-fcfa-42da-b816-7c24efa079eb] - Response Time: 57ms
[2024-11-19T13:00:19.810Z] INFO: [PROFILING] Get All Meals [Request ID: 18a5a965-fcfa-42da-b816-7c24efa079eb] - End
[2024-11-19T13:00:19.819Z] INFO: [PROFILING] Get All Meals [Request ID: 7494236d-0feb-498c-83e3-bc4aad81de08] - Start
[2024-11-19T13:00:19.831Z] INFO: [PROFILING] Get All Meals [Request ID: 7494236d-0feb-498c-83e3-bc4aad81de08] - ⚡ Cache hit for all_meals
[2024-11-19T13:00:19.832Z] INFO: [PROFILING] Get All Meals [Request ID: 7494236d-0feb-498c-83e3-bc4aad81de08] - Response Time: 12ms
[2024-11-19T13:00:19.832Z] INFO: [PROFILING] Get All Meals [Request ID: 7494236d-0feb-498c-83e3-bc4aad81de08] - End
[2024-11-19T13:01:27.973Z] INFO: [PROFILING] Get Meal by ID: refresh [Request ID: 35987abd-8da4-4149-9ff9-f83ce89c27df] - Start
[2024-11-19T13:01:27.978Z] WARN: [PROFILING] Get Meal by ID: refresh [Request ID: 35987abd-8da4-4149-9ff9-f83ce89c27df] - ❌ Cache miss for meal:refresh
[2024-11-19T13:01:27.980Z] INFO: [PROFILING START] Database Query: Get Meal by ID: refresh
[2024-11-19T13:01:28.016Z] ERROR: ❌ Error en getMealById:
[2024-11-19T13:01:28.016Z] ERROR: [PROFILING] Get Meal by ID: refresh [Request ID: 35987abd-8da4-4149-9ff9-f83ce89c27df] - Error: Error al obtener la comida por ID
[2024-11-19T13:01:28.016Z] INFO: [PROFILING] Get Meal by ID: refresh [Request ID: 35987abd-8da4-4149-9ff9-f83ce89c27df] - Response Time: 41ms
[2024-11-19T13:01:28.016Z] INFO: [PROFILING] Get Meal by ID: refresh [Request ID: 35987abd-8da4-4149-9ff9-f83ce89c27df] - End
[2024-11-19T13:01:30.143Z] INFO: [PROFILING] Get All Meals [Request ID: d033ddbf-d4f7-4308-9a59-fa2b25a9c5f1] - Start
[2024-11-19T13:01:30.161Z] INFO: [PROFILING] Get All Meals [Request ID: d033ddbf-d4f7-4308-9a59-fa2b25a9c5f1] - ⚡ Cache hit for all_meals
[2024-11-19T13:01:30.162Z] INFO: [PROFILING] Get All Meals [Request ID: d033ddbf-d4f7-4308-9a59-fa2b25a9c5f1] - Response Time: 16ms
[2024-11-19T13:01:30.162Z] INFO: [PROFILING] Get All Meals [Request ID: d033ddbf-d4f7-4308-9a59-fa2b25a9c5f1] - End
[2024-11-19T13:01:30.167Z] INFO: [PROFILING] Get All Meals [Request ID: c8e5ce25-f2af-4f61-8284-404bb155a0cc] - Start
[2024-11-19T13:01:30.169Z] INFO: [PROFILING] Get All Meals [Request ID: c8e5ce25-f2af-4f61-8284-404bb155a0cc] - ⚡ Cache hit for all_meals
[2024-11-19T13:01:30.169Z] INFO: [PROFILING] Get All Meals [Request ID: c8e5ce25-f2af-4f61-8284-404bb155a0cc] - Response Time: 2ms
[2024-11-19T13:01:30.169Z] INFO: [PROFILING] Get All Meals [Request ID: c8e5ce25-f2af-4f61-8284-404bb155a0cc] - End
[2024-11-19T13:01:32.073Z] INFO: [PROFILING] Get Meal by ID: refresh [Request ID: 98861595-2192-4daf-a478-acbcb18eb7da] - Start
[2024-11-19T13:01:32.078Z] WARN: [PROFILING] Get Meal by ID: refresh [Request ID: 98861595-2192-4daf-a478-acbcb18eb7da] - ❌ Cache miss for meal:refresh
[2024-11-19T13:01:32.079Z] INFO: [PROFILING START] Database Query: Get Meal by ID: refresh
[2024-11-19T13:01:32.095Z] ERROR: ❌ Error en getMealById:
[2024-11-19T13:01:32.095Z] ERROR: [PROFILING] Get Meal by ID: refresh [Request ID: 98861595-2192-4daf-a478-acbcb18eb7da] - Error: Error al obtener la comida por ID
[2024-11-19T13:01:32.095Z] INFO: [PROFILING] Get Meal by ID: refresh [Request ID: 98861595-2192-4daf-a478-acbcb18eb7da] - Response Time: 21ms
[2024-11-19T13:01:32.095Z] INFO: [PROFILING] Get Meal by ID: refresh [Request ID: 98861595-2192-4daf-a478-acbcb18eb7da] - End
[2024-11-19T13:03:07.569Z] INFO: [PROFILING] Get All Meals [Request ID: 0e588fcc-3b79-4613-bdc4-12b2cf01f945] - Start
[2024-11-19T13:03:07.572Z] INFO: [PROFILING] Get All Meals [Request ID: 0e588fcc-3b79-4613-bdc4-12b2cf01f945] - ⚡ Cache hit for all_meals
[2024-11-19T13:03:07.572Z] INFO: [PROFILING] Get All Meals [Request ID: 0e588fcc-3b79-4613-bdc4-12b2cf01f945] - Response Time: 2ms
[2024-11-19T13:03:07.572Z] INFO: [PROFILING] Get All Meals [Request ID: 0e588fcc-3b79-4613-bdc4-12b2cf01f945] - End
[2024-11-19T13:03:09.201Z] INFO: [PROFILING] Get All Meals [Request ID: 9955afc7-6c3d-4e3a-91d2-7ad5bf69af7b] - Start
[2024-11-19T13:03:09.202Z] INFO: [PROFILING] Get All Meals [Request ID: 9955afc7-6c3d-4e3a-91d2-7ad5bf69af7b] - ⚡ Cache hit for all_meals
[2024-11-19T13:03:09.203Z] INFO: [PROFILING] Get All Meals [Request ID: 9955afc7-6c3d-4e3a-91d2-7ad5bf69af7b] - Response Time: 1ms
[2024-11-19T13:03:09.203Z] INFO: [PROFILING] Get All Meals [Request ID: 9955afc7-6c3d-4e3a-91d2-7ad5bf69af7b] - End
[2024-11-19T13:03:16.598Z] INFO: [PROFILING] Get All Meals [Request ID: 9fa7fdaf-0a96-43c6-9b5c-70b9901bbb53] - Start
[2024-11-19T13:03:16.603Z] INFO: [PROFILING] Get All Meals [Request ID: 9fa7fdaf-0a96-43c6-9b5c-70b9901bbb53] - ⚡ Cache hit for all_meals
[2024-11-19T13:03:16.604Z] INFO: [PROFILING] Get All Meals [Request ID: 9fa7fdaf-0a96-43c6-9b5c-70b9901bbb53] - Response Time: 4ms
[2024-11-19T13:03:16.604Z] INFO: [PROFILING] Get All Meals [Request ID: 9fa7fdaf-0a96-43c6-9b5c-70b9901bbb53] - End
[2024-11-19T13:03:16.610Z] INFO: [PROFILING] Get All Meals [Request ID: 236cb767-935d-4210-a4ab-9de74170ed80] - Start
[2024-11-19T13:03:16.615Z] INFO: [PROFILING] Get All Meals [Request ID: 236cb767-935d-4210-a4ab-9de74170ed80] - ⚡ Cache hit for all_meals
[2024-11-19T13:03:16.616Z] INFO: [PROFILING] Get All Meals [Request ID: 236cb767-935d-4210-a4ab-9de74170ed80] - Response Time: 4ms
[2024-11-19T13:03:16.616Z] INFO: [PROFILING] Get All Meals [Request ID: 236cb767-935d-4210-a4ab-9de74170ed80] - End
[2024-11-19T13:03:37.801Z] INFO: Iniciando servidor...
[2024-11-19T13:03:37.802Z] INFO: Modelos cargados: Authentication, meals, menu, user_meals, usuario, sequelize, Sequelize
[2024-11-19T13:03:37.865Z] INFO: Menus encontrados: []
[2024-11-19T13:03:37.867Z] INFO: Conexión exitosa a la base de datos.
[2024-11-19T13:03:37.868Z] INFO: Sincronización de todas las tablas completada.
[2024-11-19T13:03:37.870Z] INFO: Servidor ejecutándose en el puerto 5001
[2024-11-19T13:03:42.749Z] INFO: [PROFILING] Get All Meals [Request ID: a450cfc7-0113-43db-93fd-765e41054812] - Start
[2024-11-19T13:03:42.753Z] INFO: [PROFILING] Get All Meals [Request ID: a450cfc7-0113-43db-93fd-765e41054812] - ⚡ Cache hit for all_meals
[2024-11-19T13:03:42.753Z] INFO: [PROFILING] Get All Meals [Request ID: a450cfc7-0113-43db-93fd-765e41054812] - Response Time: 3ms
[2024-11-19T13:03:42.754Z] INFO: [PROFILING] Get All Meals [Request ID: a450cfc7-0113-43db-93fd-765e41054812] - End
[2024-11-19T13:03:42.764Z] INFO: [PROFILING] Get All Meals [Request ID: a115af14-31dc-40eb-9864-c654ffb71276] - Start
[2024-11-19T13:03:42.776Z] INFO: [PROFILING] Get All Meals [Request ID: a115af14-31dc-40eb-9864-c654ffb71276] - ⚡ Cache hit for all_meals
[2024-11-19T13:03:42.777Z] INFO: [PROFILING] Get All Meals [Request ID: a115af14-31dc-40eb-9864-c654ffb71276] - Response Time: 11ms
[2024-11-19T13:03:42.778Z] INFO: [PROFILING] Get All Meals [Request ID: a115af14-31dc-40eb-9864-c654ffb71276] - End
[2024-11-19T13:03:46.885Z] INFO: [PROFILING] Get All Meals [Request ID: de82a1b9-56fe-4a4d-a15f-e044a54108a0] - Start
[2024-11-19T13:03:46.888Z] INFO: [PROFILING] Get All Meals [Request ID: de82a1b9-56fe-4a4d-a15f-e044a54108a0] - ⚡ Cache hit for all_meals
[2024-11-19T13:03:46.888Z] INFO: [PROFILING] Get All Meals [Request ID: de82a1b9-56fe-4a4d-a15f-e044a54108a0] - Response Time: 2ms
[2024-11-19T13:03:46.888Z] INFO: [PROFILING] Get All Meals [Request ID: de82a1b9-56fe-4a4d-a15f-e044a54108a0] - End
[2024-11-19T13:07:45.485Z] INFO: Iniciando servidor...
[2024-11-19T13:07:45.486Z] INFO: Modelos cargados: Authentication, meals, menu, user_meals, usuario, sequelize, Sequelize
[2024-11-19T13:07:45.527Z] INFO: Conexión exitosa a la base de datos.
[2024-11-19T13:07:45.528Z] INFO: Menus encontrados: []
[2024-11-19T13:07:45.528Z] INFO: Sincronización de todas las tablas completada.
[2024-11-19T13:07:45.530Z] INFO: Servidor ejecutándose en el puerto 5001
[2024-11-19T13:07:58.836Z] INFO: [PROFILING] Get All Meals [Request ID: ae396e54-3db1-4e4f-8b6e-b57871c43dfe] - Start
[2024-11-19T13:07:58.838Z] INFO: [PROFILING] Get All Meals [Request ID: ae396e54-3db1-4e4f-8b6e-b57871c43dfe] - ❌ Cache invalidation. Querying database.
[2024-11-19T13:07:58.839Z] INFO: [PROFILING START] Database Query: Get All Meals
[2024-11-19T13:07:58.881Z] INFO: [PROFILING END] Database Query: Get All Meals
[2024-11-19T13:07:58.887Z] INFO: [PROFILING] Get All Meals [Request ID: ae396e54-3db1-4e4f-8b6e-b57871c43dfe] - ✅ Data cached for all_meals
[2024-11-19T13:07:58.887Z] INFO: [PROFILING] Get All Meals [Request ID: ae396e54-3db1-4e4f-8b6e-b57871c43dfe] - Response Time: 49ms
[2024-11-19T13:07:58.887Z] INFO: [PROFILING] Get All Meals [Request ID: ae396e54-3db1-4e4f-8b6e-b57871c43dfe] - End
[2024-11-19T13:08:00.601Z] INFO: [PROFILING] Get All Meals [Request ID: 20c3bde0-0db7-40a2-87e0-8fd2827b7032] - Start
[2024-11-19T13:08:00.601Z] INFO: [PROFILING] Get All Meals [Request ID: 20c3bde0-0db7-40a2-87e0-8fd2827b7032] - ❌ Cache invalidation. Querying database.
[2024-11-19T13:08:00.601Z] INFO: [PROFILING START] Database Query: Get All Meals
[2024-11-19T13:08:00.635Z] INFO: [PROFILING END] Database Query: Get All Meals
[2024-11-19T13:08:00.642Z] INFO: [PROFILING] Get All Meals [Request ID: 20c3bde0-0db7-40a2-87e0-8fd2827b7032] - ✅ Data cached for all_meals
[2024-11-19T13:08:00.643Z] INFO: [PROFILING] Get All Meals [Request ID: 20c3bde0-0db7-40a2-87e0-8fd2827b7032] - Response Time: 42ms
[2024-11-19T13:08:00.643Z] INFO: [PROFILING] Get All Meals [Request ID: 20c3bde0-0db7-40a2-87e0-8fd2827b7032] - End
[2024-11-19T13:08:00.647Z] INFO: [PROFILING] Get All Meals [Request ID: 8a696907-93ea-4413-8bee-09e520462331] - Start
[2024-11-19T13:08:00.648Z] INFO: [PROFILING] Get All Meals [Request ID: 8a696907-93ea-4413-8bee-09e520462331] - ❌ Cache invalidation. Querying database.
[2024-11-19T13:08:00.648Z] INFO: [PROFILING START] Database Query: Get All Meals
[2024-11-19T13:08:00.653Z] INFO: [PROFILING END] Database Query: Get All Meals
[2024-11-19T13:08:00.658Z] INFO: [PROFILING] Get All Meals [Request ID: 8a696907-93ea-4413-8bee-09e520462331] - ✅ Data cached for all_meals
[2024-11-19T13:08:00.659Z] INFO: [PROFILING] Get All Meals [Request ID: 8a696907-93ea-4413-8bee-09e520462331] - Response Time: 11ms
[2024-11-19T13:08:00.659Z] INFO: [PROFILING] Get All Meals [Request ID: 8a696907-93ea-4413-8bee-09e520462331] - End
[2024-11-19T13:08:01.657Z] INFO: [PROFILING] Get All Meals [Request ID: 3d45412d-a03a-4a56-9e90-78707d66a598] - Start
[2024-11-19T13:08:01.657Z] INFO: [PROFILING] Get All Meals [Request ID: 3d45412d-a03a-4a56-9e90-78707d66a598] - ❌ Cache invalidation. Querying database.
[2024-11-19T13:08:01.657Z] INFO: [PROFILING START] Database Query: Get All Meals
[2024-11-19T13:08:01.663Z] INFO: [PROFILING END] Database Query: Get All Meals
[2024-11-19T13:08:01.664Z] INFO: [PROFILING] Get All Meals [Request ID: 3d45412d-a03a-4a56-9e90-78707d66a598] - ✅ Data cached for all_meals
[2024-11-19T13:08:01.664Z] INFO: [PROFILING] Get All Meals [Request ID: 3d45412d-a03a-4a56-9e90-78707d66a598] - Response Time: 7ms
[2024-11-19T13:08:01.664Z] INFO: [PROFILING] Get All Meals [Request ID: 3d45412d-a03a-4a56-9e90-78707d66a598] - End
[2024-11-19T13:08:13.338Z] INFO: [PROFILING] Create Meal [Request ID: d5b8a48b-acb8-4f55-a886-12f7ac414426] - Start
[2024-11-19T13:08:13.339Z] INFO: [PROFILING START] Database Query: Create Meal
[2024-11-19T13:08:13.372Z] ERROR: ❌ Error en createMeal:
[2024-11-19T13:08:13.373Z] ERROR: [PROFILING] Create Meal [Request ID: d5b8a48b-acb8-4f55-a886-12f7ac414426] - Error: Error al crear la comida
[2024-11-19T13:08:13.373Z] INFO: [PROFILING] Create Meal [Request ID: d5b8a48b-acb8-4f55-a886-12f7ac414426] - Response Time: 34ms
[2024-11-19T13:08:34.613Z] INFO: [PROFILING] Get All Meals [Request ID: b99aad1c-659b-4616-96b3-a23aa926172d] - Start
[2024-11-19T13:08:34.615Z] INFO: [PROFILING] Get All Meals [Request ID: b99aad1c-659b-4616-96b3-a23aa926172d] - ❌ Cache invalidation. Querying database.
[2024-11-19T13:08:34.616Z] INFO: [PROFILING START] Database Query: Get All Meals
[2024-11-19T13:08:34.692Z] INFO: [PROFILING END] Database Query: Get All Meals
[2024-11-19T13:08:34.705Z] INFO: [PROFILING] Get All Meals [Request ID: b99aad1c-659b-4616-96b3-a23aa926172d] - ✅ Data cached for all_meals
[2024-11-19T13:08:34.705Z] INFO: [PROFILING] Get All Meals [Request ID: b99aad1c-659b-4616-96b3-a23aa926172d] - Response Time: 90ms
[2024-11-19T13:08:34.705Z] INFO: [PROFILING] Get All Meals [Request ID: b99aad1c-659b-4616-96b3-a23aa926172d] - End
[2024-11-19T13:08:34.711Z] INFO: [PROFILING] Get All Meals [Request ID: 478f8f2f-c56b-4a0b-9e5e-88bb1ccb3945] - Start
[2024-11-19T13:08:34.711Z] INFO: [PROFILING] Get All Meals [Request ID: 478f8f2f-c56b-4a0b-9e5e-88bb1ccb3945] - ❌ Cache invalidation. Querying database.
[2024-11-19T13:08:34.711Z] INFO: [PROFILING START] Database Query: Get All Meals
[2024-11-19T13:08:34.714Z] INFO: [PROFILING END] Database Query: Get All Meals
[2024-11-19T13:08:34.719Z] INFO: [PROFILING] Get All Meals [Request ID: 478f8f2f-c56b-4a0b-9e5e-88bb1ccb3945] - ✅ Data cached for all_meals
[2024-11-19T13:08:34.719Z] INFO: [PROFILING] Get All Meals [Request ID: 478f8f2f-c56b-4a0b-9e5e-88bb1ccb3945] - Response Time: 8ms
[2024-11-19T13:08:34.720Z] INFO: [PROFILING] Get All Meals [Request ID: 478f8f2f-c56b-4a0b-9e5e-88bb1ccb3945] - End
[2024-11-19T13:08:43.801Z] INFO: [PROFILING] Get All Meals [Request ID: 15b64298-61dc-45f5-8fa5-87444652d9bd] - Start
[2024-11-19T13:08:43.801Z] INFO: [PROFILING] Get All Meals [Request ID: 15b64298-61dc-45f5-8fa5-87444652d9bd] - ❌ Cache invalidation. Querying database.
[2024-11-19T13:08:43.801Z] INFO: [PROFILING START] Database Query: Get All Meals
[2024-11-19T13:08:43.826Z] INFO: [PROFILING END] Database Query: Get All Meals
[2024-11-19T13:08:43.833Z] INFO: [PROFILING] Get All Meals [Request ID: 15b64298-61dc-45f5-8fa5-87444652d9bd] - ✅ Data cached for all_meals
[2024-11-19T13:08:43.833Z] INFO: [PROFILING] Get All Meals [Request ID: 15b64298-61dc-45f5-8fa5-87444652d9bd] - Response Time: 32ms
[2024-11-19T13:08:43.833Z] INFO: [PROFILING] Get All Meals [Request ID: 15b64298-61dc-45f5-8fa5-87444652d9bd] - End
[2024-11-19T13:08:43.844Z] INFO: [PROFILING] Get All Meals [Request ID: 54a5cecc-f526-43e1-8d73-77150b31a1a3] - Start
[2024-11-19T13:08:43.844Z] INFO: [PROFILING] Get All Meals [Request ID: 54a5cecc-f526-43e1-8d73-77150b31a1a3] - ❌ Cache invalidation. Querying database.
[2024-11-19T13:08:43.844Z] INFO: [PROFILING START] Database Query: Get All Meals
[2024-11-19T13:08:43.851Z] INFO: [PROFILING END] Database Query: Get All Meals
[2024-11-19T13:08:43.852Z] INFO: [PROFILING] Get All Meals [Request ID: 54a5cecc-f526-43e1-8d73-77150b31a1a3] - ✅ Data cached for all_meals
[2024-11-19T13:08:43.852Z] INFO: [PROFILING] Get All Meals [Request ID: 54a5cecc-f526-43e1-8d73-77150b31a1a3] - Response Time: 8ms
[2024-11-19T13:08:43.852Z] INFO: [PROFILING] Get All Meals [Request ID: 54a5cecc-f526-43e1-8d73-77150b31a1a3] - End
[2024-11-19T13:09:01.009Z] INFO: [PROFILING] Create Meal [Request ID: c3857f12-3413-4146-9704-65c4e6ae10f4] - Start
[2024-11-19T13:09:01.010Z] INFO: [PROFILING START] Database Query: Create Meal
[2024-11-19T13:09:01.040Z] ERROR: ❌ Error en createMeal:
[2024-11-19T13:09:01.040Z] ERROR: [PROFILING] Create Meal [Request ID: c3857f12-3413-4146-9704-65c4e6ae10f4] - Error: Error al crear la comida
[2024-11-19T13:09:01.041Z] INFO: [PROFILING] Create Meal [Request ID: c3857f12-3413-4146-9704-65c4e6ae10f4] - Response Time: 30ms
[2024-11-19T14:27:57.256Z] INFO: Iniciando servidor...
[2024-11-19T14:27:57.257Z] INFO: Modelos cargados: Authentication, meals, menu, user_meals, usuario, sequelize, Sequelize
[2024-11-19T14:27:57.335Z] INFO: Conexión exitosa a la base de datos.
[2024-11-19T14:27:57.336Z] INFO: Sincronización de todas las tablas completada.
[2024-11-19T14:27:57.338Z] INFO: Servidor ejecutándose en el puerto 5001
[2024-11-19T14:27:57.339Z] INFO: Menus encontrados: []
[2024-11-19T14:30:58.966Z] INFO: Iniciando servidor...
[2024-11-19T14:30:58.967Z] INFO: Modelos cargados: Authentication, meals, menu, user_meals, usuario, sequelize, Sequelize
[2024-11-19T14:30:59.008Z] INFO: Conexión exitosa a la base de datos.
[2024-11-19T14:30:59.009Z] INFO: Menus encontrados: []
[2024-11-19T14:30:59.009Z] INFO: Sincronización de todas las tablas completada.
[2024-11-19T14:30:59.012Z] INFO: Servidor ejecutándose en el puerto 5001
[2024-11-19T14:31:10.600Z] INFO: Iniciando servidor...
[2024-11-19T14:31:10.600Z] INFO: Modelos cargados: Authentication, meals, menu, user_meals, usuario, sequelize, Sequelize
[2024-11-19T14:31:10.635Z] INFO: Menus encontrados: []
[2024-11-19T14:31:10.636Z] INFO: Conexión exitosa a la base de datos.
[2024-11-19T14:31:10.637Z] INFO: Sincronización de todas las tablas completada.
[2024-11-19T14:31:10.638Z] INFO: Servidor ejecutándose en el puerto 5001
[2024-11-19T14:31:21.383Z] INFO: Iniciando servidor...
[2024-11-19T14:31:21.384Z] INFO: Modelos cargados: Authentication, meals, menu, user_meals, usuario, sequelize, Sequelize
[2024-11-19T14:31:21.426Z] INFO: Conexión exitosa a la base de datos.
[2024-11-19T14:31:21.428Z] INFO: Sincronización de todas las tablas completada.
[2024-11-19T14:31:21.430Z] INFO: Servidor ejecutándose en el puerto 5001
[2024-11-19T14:31:21.431Z] INFO: Menus encontrados: []
[2024-11-19T14:34:20.620Z] INFO: [PROFILING] Get All Meals [Request ID: f302acd0-e8f7-4a99-9d3a-10950612e898] - Start
[2024-11-19T14:34:20.621Z] INFO: [PROFILING] Get All Meals [Request ID: f302acd0-e8f7-4a99-9d3a-10950612e898] - ❌ Cache invalidation. Querying database.
[2024-11-19T14:34:20.621Z] INFO: [PROFILING START] Database Query: Get All Meals
[2024-11-19T14:34:20.635Z] INFO: [PROFILING END] Database Query: Get All Meals
[2024-11-19T14:34:20.637Z] INFO: [PROFILING] Get All Meals [Request ID: f302acd0-e8f7-4a99-9d3a-10950612e898] - ✅ Data cached for all_meals
[2024-11-19T14:34:20.638Z] INFO: [PROFILING] Get All Meals [Request ID: f302acd0-e8f7-4a99-9d3a-10950612e898] - Response Time: 17ms
[2024-11-19T14:34:20.638Z] INFO: [PROFILING] Get All Meals [Request ID: f302acd0-e8f7-4a99-9d3a-10950612e898] - End
[2024-11-19T14:34:20.642Z] INFO: [PROFILING] Get All Meals [Request ID: 769266d8-2826-4fe3-916e-f3b0b806f0f2] - Start
[2024-11-19T14:34:20.642Z] INFO: [PROFILING] Get All Meals [Request ID: 769266d8-2826-4fe3-916e-f3b0b806f0f2] - ❌ Cache invalidation. Querying database.
[2024-11-19T14:34:20.643Z] INFO: [PROFILING START] Database Query: Get All Meals
[2024-11-19T14:34:20.648Z] INFO: [PROFILING END] Database Query: Get All Meals
[2024-11-19T14:34:20.653Z] INFO: [PROFILING] Get All Meals [Request ID: 769266d8-2826-4fe3-916e-f3b0b806f0f2] - ✅ Data cached for all_meals
[2024-11-19T14:34:20.653Z] INFO: [PROFILING] Get All Meals [Request ID: 769266d8-2826-4fe3-916e-f3b0b806f0f2] - Response Time: 11ms
[2024-11-19T14:34:20.654Z] INFO: [PROFILING] Get All Meals [Request ID: 769266d8-2826-4fe3-916e-f3b0b806f0f2] - End
[2024-11-19T14:35:09.011Z] INFO: Iniciando servidor...
[2024-11-19T14:35:09.012Z] INFO: Modelos cargados: Authentication, meals, menu, user_meals, usuario, sequelize, Sequelize
[2024-11-19T14:35:09.076Z] INFO: Conexión exitosa a la base de datos.
[2024-11-19T14:35:09.078Z] INFO: Sincronización de todas las tablas completada.
[2024-11-19T14:35:09.081Z] INFO: Servidor ejecutándose en el puerto 5001
[2024-11-19T14:35:09.082Z] INFO: Menus encontrados: []
[2024-11-19T14:35:11.185Z] INFO: [PROFILING] Get All Meals [Request ID: 7b98c2fa-dfad-44cb-8449-3f68cae71994] - Start
[2024-11-19T14:35:11.192Z] INFO: [PROFILING] Get All Meals [Request ID: 7b98c2fa-dfad-44cb-8449-3f68cae71994] - ⚡ Cache hit for all_meals
[2024-11-19T14:35:11.192Z] INFO: [PROFILING] Get All Meals [Request ID: 7b98c2fa-dfad-44cb-8449-3f68cae71994] - Response Time: 5ms
[2024-11-19T14:35:11.192Z] INFO: [PROFILING] Get All Meals [Request ID: 7b98c2fa-dfad-44cb-8449-3f68cae71994] - End
[2024-11-19T14:35:11.592Z] INFO: [PROFILING] Get All Meals [Request ID: f6e526fe-c6fc-4b56-8eb2-bd8349fb9306] - Start
[2024-11-19T14:35:11.595Z] INFO: [PROFILING] Get All Meals [Request ID: f6e526fe-c6fc-4b56-8eb2-bd8349fb9306] - ⚡ Cache hit for all_meals
[2024-11-19T14:35:11.595Z] INFO: [PROFILING] Get All Meals [Request ID: f6e526fe-c6fc-4b56-8eb2-bd8349fb9306] - Response Time: 2ms
[2024-11-19T14:35:11.595Z] INFO: [PROFILING] Get All Meals [Request ID: f6e526fe-c6fc-4b56-8eb2-bd8349fb9306] - End
[2024-11-19T14:35:11.610Z] INFO: [PROFILING] Get All Meals [Request ID: eb764965-e03d-4e8e-bd9d-8a75b1b1656b] - Start
[2024-11-19T14:35:11.613Z] INFO: [PROFILING] Get All Meals [Request ID: eb764965-e03d-4e8e-bd9d-8a75b1b1656b] - ⚡ Cache hit for all_meals
[2024-11-19T14:35:11.620Z] INFO: [PROFILING] Get All Meals [Request ID: eb764965-e03d-4e8e-bd9d-8a75b1b1656b] - Response Time: 3ms
[2024-11-19T14:35:11.621Z] INFO: [PROFILING] Get All Meals [Request ID: eb764965-e03d-4e8e-bd9d-8a75b1b1656b] - End
[2024-11-19T14:35:15.664Z] INFO: [PROFILING] Get All Meals [Request ID: 1f8b95e1-b609-44ae-aec3-78f07b6c96a0] - Start
[2024-11-19T14:35:15.708Z] INFO: [PROFILING] Get All Meals [Request ID: 1f8b95e1-b609-44ae-aec3-78f07b6c96a0] - ⚡ Cache hit for all_meals
[2024-11-19T14:35:15.708Z] INFO: [PROFILING] Get All Meals [Request ID: 1f8b95e1-b609-44ae-aec3-78f07b6c96a0] - Response Time: 8ms
[2024-11-19T14:35:15.710Z] INFO: [PROFILING] Get All Meals [Request ID: 1f8b95e1-b609-44ae-aec3-78f07b6c96a0] - End
[2024-11-19T14:35:15.738Z] INFO: [PROFILING] Get All Meals [Request ID: e7c2dc1c-3141-4c67-99bd-21c1476449f2] - Start
[2024-11-19T14:35:15.745Z] INFO: [PROFILING] Get All Meals [Request ID: e7c2dc1c-3141-4c67-99bd-21c1476449f2] - ⚡ Cache hit for all_meals
[2024-11-19T14:35:15.745Z] INFO: [PROFILING] Get All Meals [Request ID: e7c2dc1c-3141-4c67-99bd-21c1476449f2] - Response Time: 6ms
[2024-11-19T14:35:15.745Z] INFO: [PROFILING] Get All Meals [Request ID: e7c2dc1c-3141-4c67-99bd-21c1476449f2] - End
[2024-11-19T14:35:22.724Z] INFO: [PROFILING] Get All Meals [Request ID: 6f95b4d3-8ba5-4f03-b2a6-c9bd0f9e6bde] - Start
[2024-11-19T14:35:22.729Z] INFO: [PROFILING] Get All Meals [Request ID: 6f95b4d3-8ba5-4f03-b2a6-c9bd0f9e6bde] - ⚡ Cache hit for all_meals
[2024-11-19T14:35:22.730Z] INFO: [PROFILING] Get All Meals [Request ID: 6f95b4d3-8ba5-4f03-b2a6-c9bd0f9e6bde] - Response Time: 2ms
[2024-11-19T14:35:22.730Z] INFO: [PROFILING] Get All Meals [Request ID: 6f95b4d3-8ba5-4f03-b2a6-c9bd0f9e6bde] - End
[2024-11-19T14:35:22.734Z] INFO: [PROFILING] Get All Meals [Request ID: f53e79fc-4994-47f8-a324-7183cd0af62c] - Start
[2024-11-19T14:35:22.736Z] INFO: [PROFILING] Get All Meals [Request ID: f53e79fc-4994-47f8-a324-7183cd0af62c] - ⚡ Cache hit for all_meals
[2024-11-19T14:35:22.737Z] INFO: [PROFILING] Get All Meals [Request ID: f53e79fc-4994-47f8-a324-7183cd0af62c] - Response Time: 1ms
[2024-11-19T14:35:22.737Z] INFO: [PROFILING] Get All Meals [Request ID: f53e79fc-4994-47f8-a324-7183cd0af62c] - End
[2024-11-19T14:35:28.244Z] INFO: [PROFILING] Get All Meals [Request ID: 50ffb1ba-69c9-45b8-9050-082deec1dad1] - Start
[2024-11-19T14:35:28.252Z] INFO: [PROFILING] Get All Meals [Request ID: 50ffb1ba-69c9-45b8-9050-082deec1dad1] - ⚡ Cache hit for all_meals
[2024-11-19T14:35:28.253Z] INFO: [PROFILING] Get All Meals [Request ID: 50ffb1ba-69c9-45b8-9050-082deec1dad1] - Response Time: 7ms
[2024-11-19T14:35:28.253Z] INFO: [PROFILING] Get All Meals [Request ID: 50ffb1ba-69c9-45b8-9050-082deec1dad1] - End
[2024-11-19T14:36:14.897Z] INFO: Iniciando servidor...
[2024-11-19T14:36:14.900Z] INFO: Modelos cargados: Authentication, meals, menu, user_meals, usuario, sequelize, Sequelize
[2024-11-19T14:36:15.218Z] INFO: Conexión exitosa a la base de datos.
[2024-11-19T14:36:15.223Z] INFO: Sincronización de todas las tablas completada.
[2024-11-19T14:36:15.230Z] INFO: Servidor ejecutándose en el puerto 5001
[2024-11-19T14:36:15.232Z] INFO: Menus encontrados: []
[2024-11-19T14:36:44.029Z] INFO: [PROFILING] Get All Meals [Request ID: cfe4db6b-f153-470c-b330-c983af14b544] - Start
[2024-11-19T14:36:44.035Z] INFO: [PROFILING] Get All Meals [Request ID: cfe4db6b-f153-470c-b330-c983af14b544] - ⚡ Cache hit for all_meals
[2024-11-19T14:36:44.036Z] INFO: [PROFILING] Get All Meals [Request ID: cfe4db6b-f153-470c-b330-c983af14b544] - Response Time: 3ms
[2024-11-19T14:36:44.037Z] INFO: [PROFILING] Get All Meals [Request ID: cfe4db6b-f153-470c-b330-c983af14b544] - End
[2024-11-19T14:36:44.044Z] INFO: [PROFILING] Get All Meals [Request ID: b70efd2f-135f-4b03-9e5a-43adc3d6e6df] - Start
[2024-11-19T14:36:44.046Z] INFO: [PROFILING] Get All Meals [Request ID: b70efd2f-135f-4b03-9e5a-43adc3d6e6df] - ⚡ Cache hit for all_meals
[2024-11-19T14:36:44.047Z] INFO: [PROFILING] Get All Meals [Request ID: b70efd2f-135f-4b03-9e5a-43adc3d6e6df] - Response Time: 2ms
[2024-11-19T14:36:44.047Z] INFO: [PROFILING] Get All Meals [Request ID: b70efd2f-135f-4b03-9e5a-43adc3d6e6df] - End
[2024-11-19T14:54:52.032Z] INFO: Iniciando servidor...
[2024-11-19T14:54:52.037Z] INFO: Modelos cargados: Authentication, meals, menu, user_meals, usuario, sequelize, Sequelize
[2024-11-19T14:54:52.302Z] INFO: Conexión exitosa a la base de datos.
[2024-11-19T14:54:52.311Z] INFO: Menus encontrados: []
[2024-11-19T14:54:52.313Z] INFO: Sincronización de todas las tablas completada.
[2024-11-19T14:54:52.318Z] INFO: Servidor ejecutándose en el puerto 5001
[2024-11-19T14:55:32.845Z] INFO: [PROFILING] Get All Meals [Request ID: fb2bc96d-25cd-4f17-af51-9175f4935571] - Start
[2024-11-19T14:55:32.885Z] INFO: [PROFILING] Get All Meals [Request ID: fb2bc96d-25cd-4f17-af51-9175f4935571] - ⚡ Cache hit for all_meals
[2024-11-19T14:55:32.886Z] INFO: [PROFILING] Get All Meals [Request ID: fb2bc96d-25cd-4f17-af51-9175f4935571] - Response Time: 27ms
[2024-11-19T14:55:32.894Z] INFO: [PROFILING] Get All Meals [Request ID: fb2bc96d-25cd-4f17-af51-9175f4935571] - End
[2024-11-19T14:55:32.982Z] INFO: [PROFILING] Get All Meals [Request ID: ef9b6b41-93de-4446-b1a6-fd62378255cf] - Start
[2024-11-19T14:55:32.994Z] INFO: [PROFILING] Get All Meals [Request ID: ef9b6b41-93de-4446-b1a6-fd62378255cf] - ⚡ Cache hit for all_meals
[2024-11-19T14:55:32.995Z] INFO: [PROFILING] Get All Meals [Request ID: ef9b6b41-93de-4446-b1a6-fd62378255cf] - Response Time: 8ms
[2024-11-19T14:55:32.996Z] INFO: [PROFILING] Get All Meals [Request ID: ef9b6b41-93de-4446-b1a6-fd62378255cf] - End
[2024-11-19T14:55:45.173Z] INFO: [PROFILING] Get All Meals [Request ID: f8276016-9dea-4e96-93f5-0732c414af22] - Start
[2024-11-19T14:55:45.270Z] INFO: [PROFILING] Get All Meals [Request ID: f8276016-9dea-4e96-93f5-0732c414af22] - ⚡ Cache hit for all_meals
[2024-11-19T14:55:45.270Z] INFO: [PROFILING] Get All Meals [Request ID: f8276016-9dea-4e96-93f5-0732c414af22] - Response Time: 92ms
[2024-11-19T14:55:45.271Z] INFO: [PROFILING] Get All Meals [Request ID: f8276016-9dea-4e96-93f5-0732c414af22] - End
[2024-11-19T14:55:45.328Z] INFO: [PROFILING] Get All Meals [Request ID: 82f6c3d8-4efb-4ece-b72b-aac84e367abb] - Start
[2024-11-19T14:55:45.420Z] INFO: [PROFILING] Get All Meals [Request ID: 82f6c3d8-4efb-4ece-b72b-aac84e367abb] - ⚡ Cache hit for all_meals
[2024-11-19T14:55:45.421Z] INFO: [PROFILING] Get All Meals [Request ID: 82f6c3d8-4efb-4ece-b72b-aac84e367abb] - Response Time: 1ms
[2024-11-19T14:55:45.437Z] INFO: [PROFILING] Get All Meals [Request ID: 82f6c3d8-4efb-4ece-b72b-aac84e367abb] - End
[2024-11-19T15:02:14.407Z] INFO: Iniciando servidor...
[2024-11-19T15:02:14.408Z] INFO: Modelos cargados: Authentication, meals, menu, user_meals, usuario, sequelize, Sequelize
[2024-11-19T15:02:14.534Z] INFO: Conexión exitosa a la base de datos.
[2024-11-19T15:02:14.536Z] INFO: Sincronización de todas las tablas completada.
[2024-11-19T15:02:14.538Z] INFO: Servidor ejecutándose en el puerto 5001
[2024-11-19T15:02:14.547Z] INFO: Menus encontrados: []
[2024-11-19T15:02:21.899Z] INFO: [PROFILING] Get All Meals [Request ID: 99b1460b-a061-4413-8940-e329b845b145] - Start
[2024-11-19T15:02:21.931Z] INFO: [PROFILING] Get All Meals [Request ID: 99b1460b-a061-4413-8940-e329b845b145] - ⚡ Cache hit for all_meals
[2024-11-19T15:02:21.934Z] INFO: [PROFILING] Get All Meals [Request ID: 99b1460b-a061-4413-8940-e329b845b145] - Response Time: 23ms
[2024-11-19T15:02:21.934Z] INFO: [PROFILING] Get All Meals [Request ID: 99b1460b-a061-4413-8940-e329b845b145] - End
[2024-11-19T15:02:21.983Z] INFO: [PROFILING] Get All Meals [Request ID: df8715fd-0c7f-4b60-b13e-f897930aeef0] - Start
[2024-11-19T15:02:21.997Z] INFO: [PROFILING] Get All Meals [Request ID: df8715fd-0c7f-4b60-b13e-f897930aeef0] - ⚡ Cache hit for all_meals
[2024-11-19T15:02:21.999Z] INFO: [PROFILING] Get All Meals [Request ID: df8715fd-0c7f-4b60-b13e-f897930aeef0] - Response Time: 12ms
[2024-11-19T15:02:21.999Z] INFO: [PROFILING] Get All Meals [Request ID: df8715fd-0c7f-4b60-b13e-f897930aeef0] - End
[2024-11-19T15:02:24.772Z] INFO: [PROFILING] Add Meal to Menu [Request ID: 6e168671-91ab-4f98-b2da-1d5e54173e9c] - Start
[2024-11-19T15:02:24.826Z] INFO: [PROFILING] Add Meal to Menu [Request ID: 6e168671-91ab-4f98-b2da-1d5e54173e9c] - Nuevo menú creado: {"id":1,"userId":11,"mealId":1,"name":"Breakfast Burrito","calories":300,"protein":12,"fats":15,"carbs":30,"mealType":"unknown","updatedAt":"2024-11-19T15:02:24.796Z","createdAt":"2024-11-19T15:02:24.796Z"}
[2024-11-19T15:02:24.827Z] INFO: [PROFILING] Add Meal to Menu [Request ID: 6e168671-91ab-4f98-b2da-1d5e54173e9c] - Response Time: 54ms
[2024-11-19T15:02:24.827Z] INFO: [PROFILING] Add Meal to Menu [Request ID: 6e168671-91ab-4f98-b2da-1d5e54173e9c] - End
[2024-11-19T15:02:28.744Z] INFO: [PROFILING] Get User Menu [Request ID: 7d158ba7-2db5-4086-9fbc-9af1254d409f] - Start
[2024-11-19T15:02:28.778Z] INFO: [PROFILING] Get User Menu [Request ID: 7d158ba7-2db5-4086-9fbc-9af1254d409f] - Menú encontrado para userId 11: [{"id":1,"userId":11,"mealId":1,"name":"Breakfast Burrito","calories":300,"protein":12,"fats":15,"carbs":30,"mealType":"unknown","createdAt":"2024-11-19T15:02:24.796Z","updatedAt":"2024-11-19T15:02:24.796Z","meal":{"id":1,"name":"Breakfast Burrito","calories":300,"protein":12,"fats":15,"carbs":30,"mealType":"unknown","createdAt":"2024-11-19T13:01:19.964Z","updatedAt":"2024-11-19T13:01:19.964Z"}}]
[2024-11-19T15:02:28.779Z] INFO: [PROFILING] Get User Menu [Request ID: 7d158ba7-2db5-4086-9fbc-9af1254d409f] - Response Time: 33ms
[2024-11-19T15:02:28.779Z] INFO: [PROFILING] Get User Menu [Request ID: 7d158ba7-2db5-4086-9fbc-9af1254d409f] - End
[2024-11-19T15:02:28.799Z] INFO: [PROFILING] Get User Menu [Request ID: cb959208-6a9b-4e6a-a16a-d2e5f7aa2daf] - Start
[2024-11-19T15:02:28.814Z] INFO: [PROFILING] Get User Menu [Request ID: cb959208-6a9b-4e6a-a16a-d2e5f7aa2daf] - Menú encontrado para userId 11: [{"id":1,"userId":11,"mealId":1,"name":"Breakfast Burrito","calories":300,"protein":12,"fats":15,"carbs":30,"mealType":"unknown","createdAt":"2024-11-19T15:02:24.796Z","updatedAt":"2024-11-19T15:02:24.796Z","meal":{"id":1,"name":"Breakfast Burrito","calories":300,"protein":12,"fats":15,"carbs":30,"mealType":"unknown","createdAt":"2024-11-19T13:01:19.964Z","updatedAt":"2024-11-19T13:01:19.964Z"}}]
[2024-11-19T15:02:28.814Z] INFO: [PROFILING] Get User Menu [Request ID: cb959208-6a9b-4e6a-a16a-d2e5f7aa2daf] - Response Time: 13ms
[2024-11-19T15:02:28.814Z] INFO: [PROFILING] Get User Menu [Request ID: cb959208-6a9b-4e6a-a16a-d2e5f7aa2daf] - End
[2024-11-19T15:02:30.577Z] INFO: [PROFILING] Get All Meals [Request ID: 8f75c8aa-407a-4ca4-9784-541f0fdb7af9] - Start
[2024-11-19T15:02:30.581Z] INFO: [PROFILING] Get All Meals [Request ID: 8f75c8aa-407a-4ca4-9784-541f0fdb7af9] - ⚡ Cache hit for all_meals
[2024-11-19T15:02:30.581Z] INFO: [PROFILING] Get All Meals [Request ID: 8f75c8aa-407a-4ca4-9784-541f0fdb7af9] - Response Time: 3ms
[2024-11-19T15:02:30.581Z] INFO: [PROFILING] Get All Meals [Request ID: 8f75c8aa-407a-4ca4-9784-541f0fdb7af9] - End
[2024-11-19T15:02:30.587Z] INFO: [PROFILING] Get All Meals [Request ID: aa741fe3-4c5d-490a-b861-1c52f988ea07] - Start
[2024-11-19T15:02:30.592Z] INFO: [PROFILING] Get All Meals [Request ID: aa741fe3-4c5d-490a-b861-1c52f988ea07] - ⚡ Cache hit for all_meals
[2024-11-19T15:02:30.593Z] INFO: [PROFILING] Get All Meals [Request ID: aa741fe3-4c5d-490a-b861-1c52f988ea07] - Response Time: 3ms
[2024-11-19T15:02:30.593Z] INFO: [PROFILING] Get All Meals [Request ID: aa741fe3-4c5d-490a-b861-1c52f988ea07] - End
[2024-11-19T15:03:11.875Z] INFO: [PROFILING] Get All Meals [Request ID: a2329848-bcc7-4ce6-8ab6-8e53be562225] - Start
[2024-11-19T15:03:11.881Z] INFO: [PROFILING] Get All Meals [Request ID: a2329848-bcc7-4ce6-8ab6-8e53be562225] - ⚡ Cache hit for all_meals
[2024-11-19T15:03:11.881Z] INFO: [PROFILING] Get All Meals [Request ID: a2329848-bcc7-4ce6-8ab6-8e53be562225] - Response Time: 5ms
[2024-11-19T15:03:11.881Z] INFO: [PROFILING] Get All Meals [Request ID: a2329848-bcc7-4ce6-8ab6-8e53be562225] - End
[2024-11-19T15:03:11.889Z] INFO: [PROFILING] Get All Meals [Request ID: a8b1f691-33a3-4a82-8c52-bcd7e9671458] - Start
[2024-11-19T15:03:11.901Z] INFO: [PROFILING] Get All Meals [Request ID: a8b1f691-33a3-4a82-8c52-bcd7e9671458] - ⚡ Cache hit for all_meals
[2024-11-19T15:03:11.902Z] INFO: [PROFILING] Get All Meals [Request ID: a8b1f691-33a3-4a82-8c52-bcd7e9671458] - Response Time: 11ms
[2024-11-19T15:03:11.902Z] INFO: [PROFILING] Get All Meals [Request ID: a8b1f691-33a3-4a82-8c52-bcd7e9671458] - End
[2024-11-19T15:09:10.842Z] INFO: Iniciando servidor...
[2024-11-19T15:09:10.850Z] INFO: Modelos cargados: Authentication, meals, menu, user_meals, usuario, sequelize, Sequelize
[2024-11-19T15:09:10.986Z] INFO: Conexión exitosa a la base de datos.
[2024-11-19T15:09:10.990Z] INFO: Sincronización de todas las tablas completada.
[2024-11-19T15:09:11.002Z] INFO: Servidor ejecutándose en el puerto 5001
[2024-11-19T15:09:11.011Z] INFO: Menus encontrados: [{"id":1,"userId":11,"mealId":1,"name":"Breakfast Burrito","calories":300,"protein":12,"fats":15,"carbs":30,"mealType":"unknown","createdAt":"2024-11-19T15:02:24.796Z","updatedAt":"2024-11-19T15:02:24.796Z"}]
[2024-11-19T15:09:18.542Z] INFO: [PROFILING] Get All Meals [Request ID: 1f8f27c4-775b-4672-beed-d795db7b27c7] - Start
[2024-11-19T15:09:18.563Z] INFO: [PROFILING] Get All Meals [Request ID: 1f8f27c4-775b-4672-beed-d795db7b27c7] - ⚡ Cache hit for all_meals
[2024-11-19T15:09:18.610Z] INFO: [PROFILING] Get All Meals [Request ID: 1f8f27c4-775b-4672-beed-d795db7b27c7] - Response Time: 15ms
[2024-11-19T15:09:18.610Z] INFO: [PROFILING] Get All Meals [Request ID: 1f8f27c4-775b-4672-beed-d795db7b27c7] - End
[2024-11-19T15:09:18.654Z] INFO: [PROFILING] Get All Meals [Request ID: 999b3e10-b1fc-41d7-b5d9-591b9b35c4b3] - Start
[2024-11-19T15:09:18.659Z] INFO: [PROFILING] Get All Meals [Request ID: 999b3e10-b1fc-41d7-b5d9-591b9b35c4b3] - ⚡ Cache hit for all_meals
[2024-11-19T15:09:18.661Z] INFO: [PROFILING] Get All Meals [Request ID: 999b3e10-b1fc-41d7-b5d9-591b9b35c4b3] - Response Time: 4ms
[2024-11-19T15:09:18.662Z] INFO: [PROFILING] Get All Meals [Request ID: 999b3e10-b1fc-41d7-b5d9-591b9b35c4b3] - End
[2024-11-19T15:11:24.599Z] INFO: Iniciando servidor...
[2024-11-19T15:11:24.605Z] INFO: Modelos cargados: Authentication, meals, menu, user_meals, usuario, sequelize, Sequelize
[2024-11-19T15:11:24.722Z] INFO: Conexión exitosa a la base de datos.
[2024-11-19T15:11:24.725Z] INFO: Menus encontrados: [{"id":1,"userId":11,"mealId":1,"name":"Breakfast Burrito","calories":300,"protein":12,"fats":15,"carbs":30,"mealType":"unknown","createdAt":"2024-11-19T15:02:24.796Z","updatedAt":"2024-11-19T15:02:24.796Z"}]
[2024-11-19T15:11:24.727Z] INFO: Sincronización de todas las tablas completada.
[2024-11-19T15:11:24.730Z] INFO: Servidor ejecutándose en el puerto 5001
[2024-11-19T15:11:30.912Z] INFO: [PROFILING] Get All Meals [Request ID: 88fcc6ae-5305-4d90-86d1-307c6d430a4a] - Start
[2024-11-19T15:11:30.922Z] INFO: [PROFILING] Get All Meals [Request ID: 88fcc6ae-5305-4d90-86d1-307c6d430a4a] - ⚡ Cache hit for all_meals
[2024-11-19T15:11:30.924Z] INFO: [PROFILING] Get All Meals [Request ID: 88fcc6ae-5305-4d90-86d1-307c6d430a4a] - Response Time: 9ms
[2024-11-19T15:11:30.925Z] INFO: [PROFILING] Get All Meals [Request ID: 88fcc6ae-5305-4d90-86d1-307c6d430a4a] - End
[2024-11-19T15:11:35.469Z] INFO: [PROFILING] Get All Meals [Request ID: 44996170-ef8c-459f-b566-3834295e6c27] - Start
[2024-11-19T15:11:35.471Z] INFO: [PROFILING] Get All Meals [Request ID: 44996170-ef8c-459f-b566-3834295e6c27] - ⚡ Cache hit for all_meals
[2024-11-19T15:11:35.473Z] INFO: [PROFILING] Get All Meals [Request ID: 44996170-ef8c-459f-b566-3834295e6c27] - Response Time: 1ms
[2024-11-19T15:11:35.473Z] INFO: [PROFILING] Get All Meals [Request ID: 44996170-ef8c-459f-b566-3834295e6c27] - End
[2024-11-19T16:18:37.852Z] INFO: Iniciando servidor...
[2024-11-19T16:18:37.856Z] INFO: Modelos cargados: Authentication, meals, menu, user_meals, usuario, sequelize, Sequelize
[2024-11-19T16:18:37.922Z] INFO: Conexión exitosa a la base de datos.
[2024-11-19T16:18:37.926Z] INFO: Menus encontrados: [{"id":1,"userId":11,"mealId":1,"name":"Breakfast Burrito","calories":300,"protein":12,"fats":15,"carbs":30,"mealType":"unknown","createdAt":"2024-11-19T15:02:24.796Z","updatedAt":"2024-11-19T15:02:24.796Z"}]
[2024-11-19T16:18:37.926Z] INFO: Sincronización de todas las tablas completada.
[2024-11-19T16:18:37.928Z] INFO: Servidor ejecutándose en el puerto 5001
[2024-11-19T16:19:40.110Z] INFO: [PROFILING] Get All Meals [Request ID: dcc516ff-3eda-4986-9bbb-d16d49f434df] - Start
[2024-11-19T16:19:40.129Z] WARN: [PROFILING] Get All Meals [Request ID: dcc516ff-3eda-4986-9bbb-d16d49f434df] - ❌ Cache miss for all_meals
[2024-11-19T16:19:40.131Z] INFO: [PROFILING START] Database Query: Get All Meals
[2024-11-19T16:19:40.200Z] INFO: [PROFILING END] Database Query: Get All Meals
[2024-11-19T16:19:40.204Z] INFO: [PROFILING] Get All Meals [Request ID: dcc516ff-3eda-4986-9bbb-d16d49f434df] - ✅ Data cached for all_meals
[2024-11-19T16:19:40.205Z] INFO: [PROFILING] Get All Meals [Request ID: dcc516ff-3eda-4986-9bbb-d16d49f434df] - Response Time: 88ms
[2024-11-19T16:19:40.205Z] INFO: [PROFILING] Get All Meals [Request ID: dcc516ff-3eda-4986-9bbb-d16d49f434df] - End
[2024-11-19T16:19:54.095Z] INFO: [PROFILING] Get All Meals [Request ID: 3bb6dac0-c59e-44c8-8987-9c384540589a] - Start
[2024-11-19T16:19:54.103Z] INFO: [PROFILING] Get All Meals [Request ID: 3bb6dac0-c59e-44c8-8987-9c384540589a] - ⚡ Cache hit for all_meals
[2024-11-19T16:19:54.103Z] INFO: [PROFILING] Get All Meals [Request ID: 3bb6dac0-c59e-44c8-8987-9c384540589a] - Response Time: 6ms
[2024-11-19T16:19:54.103Z] INFO: [PROFILING] Get All Meals [Request ID: 3bb6dac0-c59e-44c8-8987-9c384540589a] - End
[2024-11-19T16:19:56.376Z] INFO: [PROFILING] Get All Meals [Request ID: 0b15f4ab-12dd-42a3-b047-29f52d9e9927] - Start
[2024-11-19T16:19:56.397Z] INFO: [PROFILING] Get All Meals [Request ID: 0b15f4ab-12dd-42a3-b047-29f52d9e9927] - ⚡ Cache hit for all_meals
[2024-11-19T16:19:56.398Z] INFO: [PROFILING] Get All Meals [Request ID: 0b15f4ab-12dd-42a3-b047-29f52d9e9927] - Response Time: 20ms
[2024-11-19T16:19:56.398Z] INFO: [PROFILING] Get All Meals [Request ID: 0b15f4ab-12dd-42a3-b047-29f52d9e9927] - End
[2024-11-19T16:19:56.405Z] INFO: [PROFILING] Get All Meals [Request ID: a6ab24f1-325b-4da5-a659-51cdc18a1265] - Start
[2024-11-19T16:19:56.408Z] INFO: [PROFILING] Get All Meals [Request ID: a6ab24f1-325b-4da5-a659-51cdc18a1265] - ⚡ Cache hit for all_meals
[2024-11-19T16:19:56.408Z] INFO: [PROFILING] Get All Meals [Request ID: a6ab24f1-325b-4da5-a659-51cdc18a1265] - Response Time: 3ms
[2024-11-19T16:19:56.408Z] INFO: [PROFILING] Get All Meals [Request ID: a6ab24f1-325b-4da5-a659-51cdc18a1265] - End
[2024-11-19T16:20:00.489Z] INFO: [PROFILING] Get All Meals [Request ID: 9fc48889-0813-4fae-949e-855df1ade0a5] - Start
[2024-11-19T16:20:00.503Z] INFO: [PROFILING] Get All Meals [Request ID: 9fc48889-0813-4fae-949e-855df1ade0a5] - ⚡ Cache hit for all_meals
[2024-11-19T16:20:00.503Z] INFO: [PROFILING] Get All Meals [Request ID: 9fc48889-0813-4fae-949e-855df1ade0a5] - Response Time: 13ms
[2024-11-19T16:20:00.503Z] INFO: [PROFILING] Get All Meals [Request ID: 9fc48889-0813-4fae-949e-855df1ade0a5] - End
[2024-11-19T16:20:00.533Z] INFO: [PROFILING] Get All Meals [Request ID: 387903ec-e1a6-4816-8d67-fb1afc1c15a5] - Start
[2024-11-19T16:20:00.536Z] INFO: [PROFILING] Get User Menu [Request ID: 6068c866-ee99-4e17-bfe6-c9de501de155] - Start
[2024-11-19T16:20:00.542Z] INFO: [PROFILING] Get All Meals [Request ID: 387903ec-e1a6-4816-8d67-fb1afc1c15a5] - ⚡ Cache hit for all_meals
[2024-11-19T16:20:00.542Z] INFO: [PROFILING] Get All Meals [Request ID: 387903ec-e1a6-4816-8d67-fb1afc1c15a5] - Response Time: 9ms
[2024-11-19T16:20:00.542Z] INFO: [PROFILING] Get All Meals [Request ID: 387903ec-e1a6-4816-8d67-fb1afc1c15a5] - End
[2024-11-19T16:20:00.547Z] INFO: [PROFILING] Get User Menu [Request ID: 6068c866-ee99-4e17-bfe6-c9de501de155] - Menú encontrado para userId 11: [{"id":1,"userId":11,"mealId":1,"name":"Breakfast Burrito","calories":300,"protein":12,"fats":15,"carbs":30,"mealType":"unknown","createdAt":"2024-11-19T15:02:24.796Z","updatedAt":"2024-11-19T15:02:24.796Z","meal":{"id":1,"name":"Breakfast Burrito","calories":300,"protein":12,"fats":15,"carbs":30,"mealType":"unknown","createdAt":"2024-11-19T13:01:19.964Z","updatedAt":"2024-11-19T13:01:19.964Z"}}]
[2024-11-19T16:20:00.547Z] INFO: [PROFILING] Get User Menu [Request ID: 6068c866-ee99-4e17-bfe6-c9de501de155] - Response Time: 10ms
[2024-11-19T16:20:00.547Z] INFO: [PROFILING] Get User Menu [Request ID: 6068c866-ee99-4e17-bfe6-c9de501de155] - End
[2024-11-19T16:20:00.552Z] INFO: [PROFILING] Get User Menu [Request ID: a7301915-8979-4418-818f-98fd4b208bcf] - Start
[2024-11-19T16:20:00.556Z] INFO: [PROFILING] Get User Menu [Request ID: a7301915-8979-4418-818f-98fd4b208bcf] - Menú encontrado para userId 11: [{"id":1,"userId":11,"mealId":1,"name":"Breakfast Burrito","calories":300,"protein":12,"fats":15,"carbs":30,"mealType":"unknown","createdAt":"2024-11-19T15:02:24.796Z","updatedAt":"2024-11-19T15:02:24.796Z","meal":{"id":1,"name":"Breakfast Burrito","calories":300,"protein":12,"fats":15,"carbs":30,"mealType":"unknown","createdAt":"2024-11-19T13:01:19.964Z","updatedAt":"2024-11-19T13:01:19.964Z"}}]
[2024-11-19T16:20:00.557Z] INFO: [PROFILING] Get User Menu [Request ID: a7301915-8979-4418-818f-98fd4b208bcf] - Response Time: 5ms
[2024-11-19T16:20:00.557Z] INFO: [PROFILING] Get User Menu [Request ID: a7301915-8979-4418-818f-98fd4b208bcf] - End
[2024-11-19T16:20:02.570Z] INFO: [PROFILING] Get All Meals [Request ID: 4cbba3a0-b4c4-4de1-bca5-b57699432466] - Start
[2024-11-19T16:20:02.571Z] INFO: [PROFILING] Get All Meals [Request ID: 4cbba3a0-b4c4-4de1-bca5-b57699432466] - ⚡ Cache hit for all_meals
[2024-11-19T16:20:02.571Z] INFO: [PROFILING] Get All Meals [Request ID: 4cbba3a0-b4c4-4de1-bca5-b57699432466] - Response Time: 1ms
[2024-11-19T16:20:02.572Z] INFO: [PROFILING] Get All Meals [Request ID: 4cbba3a0-b4c4-4de1-bca5-b57699432466] - End
[2024-11-19T16:20:02.577Z] INFO: [PROFILING] Get All Meals [Request ID: cbf52247-8f98-425a-8689-6a7d9626e3f5] - Start
[2024-11-19T16:20:02.579Z] INFO: [PROFILING] Get All Meals [Request ID: cbf52247-8f98-425a-8689-6a7d9626e3f5] - ⚡ Cache hit for all_meals
[2024-11-19T16:20:02.580Z] INFO: [PROFILING] Get All Meals [Request ID: cbf52247-8f98-425a-8689-6a7d9626e3f5] - Response Time: 2ms
[2024-11-19T16:20:02.580Z] INFO: [PROFILING] Get All Meals [Request ID: cbf52247-8f98-425a-8689-6a7d9626e3f5] - End
[2024-11-19T16:20:03.775Z] INFO: [PROFILING] Get All Meals [Request ID: 0d480133-27e4-4f59-9195-b24b91b01f0e] - Start
[2024-11-19T16:20:03.781Z] INFO: [PROFILING] Get All Meals [Request ID: 0d480133-27e4-4f59-9195-b24b91b01f0e] - ⚡ Cache hit for all_meals
[2024-11-19T16:20:03.782Z] INFO: [PROFILING] Get All Meals [Request ID: 0d480133-27e4-4f59-9195-b24b91b01f0e] - Response Time: 6ms
[2024-11-19T16:20:03.782Z] INFO: [PROFILING] Get All Meals [Request ID: 0d480133-27e4-4f59-9195-b24b91b01f0e] - End
[2024-11-19T16:20:03.804Z] INFO: [PROFILING] Get All Meals [Request ID: d4105f71-46bb-4ae5-acd7-48c9b59b006e] - Start
[2024-11-19T16:20:03.813Z] INFO: [PROFILING] Get All Meals [Request ID: d4105f71-46bb-4ae5-acd7-48c9b59b006e] - ⚡ Cache hit for all_meals
[2024-11-19T16:20:03.813Z] INFO: [PROFILING] Get All Meals [Request ID: d4105f71-46bb-4ae5-acd7-48c9b59b006e] - Response Time: 9ms
[2024-11-19T16:20:03.813Z] INFO: [PROFILING] Get All Meals [Request ID: d4105f71-46bb-4ae5-acd7-48c9b59b006e] - End
[2024-11-19T16:20:55.225Z] INFO: [PROFILING] Get Meal by ID: refresh [Request ID: cf0dac92-ca6e-4156-b288-a8d830876308] - Start
[2024-11-19T16:20:55.230Z] WARN: [PROFILING] Get Meal by ID: refresh [Request ID: cf0dac92-ca6e-4156-b288-a8d830876308] - ❌ Cache miss for meal:refresh
[2024-11-19T16:20:55.231Z] INFO: [PROFILING START] Database Query: Get Meal by ID: refresh
[2024-11-19T16:20:55.300Z] ERROR: ❌ Error en getMealById:
[2024-11-19T16:20:55.300Z] ERROR: [PROFILING] Get Meal by ID: refresh [Request ID: cf0dac92-ca6e-4156-b288-a8d830876308] - Error: Error al obtener la comida por ID
[2024-11-19T16:20:55.300Z] INFO: [PROFILING] Get Meal by ID: refresh [Request ID: cf0dac92-ca6e-4156-b288-a8d830876308] - Response Time: 73ms
[2024-11-19T16:21:09.450Z] INFO: [PROFILING] Get All Meals [Request ID: 106ba2d6-ff64-4a23-a4de-fb2cdbae302b] - Start
[2024-11-19T16:21:09.454Z] INFO: [PROFILING] Get All Meals [Request ID: 106ba2d6-ff64-4a23-a4de-fb2cdbae302b] - ⚡ Cache hit for all_meals
[2024-11-19T16:21:09.454Z] INFO: [PROFILING] Get All Meals [Request ID: 106ba2d6-ff64-4a23-a4de-fb2cdbae302b] - Response Time: 3ms
[2024-11-19T16:21:09.454Z] INFO: [PROFILING] Get All Meals [Request ID: 106ba2d6-ff64-4a23-a4de-fb2cdbae302b] - End
[2024-11-19T16:21:09.467Z] INFO: [PROFILING] Get All Meals [Request ID: e7e9912f-36b7-4f8a-a8b4-904a55f19b2d] - Start
[2024-11-19T16:21:09.469Z] INFO: [PROFILING] Get All Meals [Request ID: e7e9912f-36b7-4f8a-a8b4-904a55f19b2d] - ⚡ Cache hit for all_meals
[2024-11-19T16:21:09.469Z] INFO: [PROFILING] Get All Meals [Request ID: e7e9912f-36b7-4f8a-a8b4-904a55f19b2d] - Response Time: 2ms
[2024-11-19T16:21:09.469Z] INFO: [PROFILING] Get All Meals [Request ID: e7e9912f-36b7-4f8a-a8b4-904a55f19b2d] - End
[2024-11-19T16:21:19.071Z] INFO: [PROFILING] Get Meal by ID: refresh [Request ID: b2ab29e0-b344-464e-af74-09ebaeda163f] - Start
[2024-11-19T16:21:19.075Z] WARN: [PROFILING] Get Meal by ID: refresh [Request ID: b2ab29e0-b344-464e-af74-09ebaeda163f] - ❌ Cache miss for meal:refresh
[2024-11-19T16:21:19.076Z] INFO: [PROFILING START] Database Query: Get Meal by ID: refresh
[2024-11-19T16:21:19.091Z] ERROR: ❌ Error en getMealById:
[2024-11-19T16:21:19.091Z] ERROR: [PROFILING] Get Meal by ID: refresh [Request ID: b2ab29e0-b344-464e-af74-09ebaeda163f] - Error: Error al obtener la comida por ID
[2024-11-19T16:21:19.092Z] INFO: [PROFILING] Get Meal by ID: refresh [Request ID: b2ab29e0-b344-464e-af74-09ebaeda163f] - Response Time: 19ms
[2024-11-19T16:23:07.242Z] INFO: Iniciando servidor...
[2024-11-19T16:23:07.247Z] INFO: Modelos cargados: Authentication, meals, menu, user_meals, usuario, sequelize, Sequelize
[2024-11-19T16:23:07.367Z] INFO: Conexión exitosa a la base de datos.
[2024-11-19T16:23:07.370Z] INFO: Menus encontrados: [{"id":1,"userId":11,"mealId":1,"name":"Breakfast Burrito","calories":300,"protein":12,"fats":15,"carbs":30,"mealType":"unknown","createdAt":"2024-11-19T15:02:24.796Z","updatedAt":"2024-11-19T15:02:24.796Z"}]
[2024-11-19T16:23:07.371Z] INFO: Sincronización de todas las tablas completada.
[2024-11-19T16:23:07.374Z] INFO: Servidor ejecutándose en el puerto 5001
[2024-11-19T16:23:16.456Z] INFO: Iniciando servidor...
[2024-11-19T16:23:16.457Z] INFO: Modelos cargados: Authentication, meals, menu, user_meals, usuario, sequelize, Sequelize
[2024-11-19T16:23:16.544Z] INFO: Conexión exitosa a la base de datos.
[2024-11-19T16:23:16.548Z] INFO: Sincronización de todas las tablas completada.
[2024-11-19T16:23:16.549Z] INFO: Servidor ejecutándose en el puerto 5001
[2024-11-19T16:23:16.572Z] INFO: Menus encontrados: [{"id":1,"userId":11,"mealId":1,"name":"Breakfast Burrito","calories":300,"protein":12,"fats":15,"carbs":30,"mealType":"unknown","createdAt":"2024-11-19T15:02:24.796Z","updatedAt":"2024-11-19T15:02:24.796Z"}]
[2024-11-19T16:23:20.734Z] INFO: [PROFILING] Get All Meals [Request ID: b1020ec1-6f55-4000-8eed-b0f5415de47d] - Start
[2024-11-19T16:23:20.772Z] INFO: [PROFILING] Get All Meals [Request ID: b1020ec1-6f55-4000-8eed-b0f5415de47d] - ⚡ Cache hit for all_meals
[2024-11-19T16:23:20.773Z] INFO: [PROFILING] Get All Meals [Request ID: b1020ec1-6f55-4000-8eed-b0f5415de47d] - Response Time: 29ms
[2024-11-19T16:23:20.773Z] INFO: [PROFILING] Get All Meals [Request ID: b1020ec1-6f55-4000-8eed-b0f5415de47d] - End
[2024-11-19T16:23:20.789Z] INFO: [PROFILING] Get All Meals [Request ID: ade7aeff-a493-43a2-9dc9-d849b358cce6] - Start
[2024-11-19T16:23:20.804Z] INFO: [PROFILING] Get All Meals [Request ID: ade7aeff-a493-43a2-9dc9-d849b358cce6] - ⚡ Cache hit for all_meals
[2024-11-19T16:23:20.804Z] INFO: [PROFILING] Get All Meals [Request ID: ade7aeff-a493-43a2-9dc9-d849b358cce6] - Response Time: 10ms
[2024-11-19T16:23:20.804Z] INFO: [PROFILING] Get All Meals [Request ID: ade7aeff-a493-43a2-9dc9-d849b358cce6] - End
[2024-11-19T16:23:23.015Z] INFO: [PROFILING] Get Meal by ID: refresh [Request ID: 63214cb9-f00c-4031-96c9-378d7453a608] - Start
[2024-11-19T16:23:23.020Z] WARN: [PROFILING] Get Meal by ID: refresh [Request ID: 63214cb9-f00c-4031-96c9-378d7453a608] - ❌ Cache miss for meal:refresh
[2024-11-19T16:23:23.021Z] INFO: [PROFILING START] Database Query: Get Meal by ID: refresh
[2024-11-19T16:23:23.032Z] ERROR: ❌ Error en getMealById:
[2024-11-19T16:23:23.032Z] ERROR: [PROFILING] Get Meal by ID: refresh [Request ID: 63214cb9-f00c-4031-96c9-378d7453a608] - Error: Error al obtener la comida por ID
[2024-11-19T16:23:23.032Z] INFO: [PROFILING] Get Meal by ID: refresh [Request ID: 63214cb9-f00c-4031-96c9-378d7453a608] - Response Time: 16ms
[2024-11-19T16:23:47.361Z] INFO: Iniciando servidor...
[2024-11-19T16:23:47.363Z] INFO: Modelos cargados: Authentication, meals, menu, user_meals, usuario, sequelize, Sequelize
[2024-11-19T16:23:47.456Z] INFO: Conexión exitosa a la base de datos.
[2024-11-19T16:23:47.457Z] INFO: Sincronización de todas las tablas completada.
[2024-11-19T16:23:47.459Z] INFO: Servidor ejecutándose en el puerto 5001
[2024-11-19T16:23:47.461Z] INFO: Menus encontrados: [{"id":1,"userId":11,"mealId":1,"name":"Breakfast Burrito","calories":300,"protein":12,"fats":15,"carbs":30,"mealType":"unknown","createdAt":"2024-11-19T15:02:24.796Z","updatedAt":"2024-11-19T15:02:24.796Z"}]
[2024-11-19T16:23:52.730Z] INFO: [PROFILING] Get All Meals [Request ID: 3dc0b3f3-a212-4e4c-af4b-36bafc552236] - Start
[2024-11-19T16:23:52.746Z] INFO: [PROFILING] Get All Meals [Request ID: 3dc0b3f3-a212-4e4c-af4b-36bafc552236] - ⚡ Cache hit for all_meals
[2024-11-19T16:23:52.746Z] INFO: [PROFILING] Get All Meals [Request ID: 3dc0b3f3-a212-4e4c-af4b-36bafc552236] - Response Time: 13ms
[2024-11-19T16:23:52.749Z] INFO: [PROFILING] Get All Meals [Request ID: 3dc0b3f3-a212-4e4c-af4b-36bafc552236] - End
[2024-11-19T16:23:52.791Z] INFO: [PROFILING] Get All Meals [Request ID: da6c43f9-e4c3-4867-bbda-0a61f0124910] - Start
[2024-11-19T16:23:52.868Z] INFO: [PROFILING] Get All Meals [Request ID: da6c43f9-e4c3-4867-bbda-0a61f0124910] - ⚡ Cache hit for all_meals
[2024-11-19T16:23:52.870Z] INFO: [PROFILING] Get All Meals [Request ID: da6c43f9-e4c3-4867-bbda-0a61f0124910] - Response Time: 75ms
[2024-11-19T16:23:52.871Z] INFO: [PROFILING] Get All Meals [Request ID: da6c43f9-e4c3-4867-bbda-0a61f0124910] - End
[2024-11-19T16:23:54.669Z] INFO: [PROFILING] Get Meal by ID: refresh [Request ID: b6cee8e1-0fa7-4c34-bb1b-01706c91c5d4] - Start
[2024-11-19T16:23:54.677Z] WARN: [PROFILING] Get Meal by ID: refresh [Request ID: b6cee8e1-0fa7-4c34-bb1b-01706c91c5d4] - ❌ Cache miss for meal:refresh
[2024-11-19T16:23:54.678Z] INFO: [PROFILING START] Database Query: Get Meal by ID: refresh
[2024-11-19T16:23:54.716Z] ERROR: ❌ Error en getMealById:
[2024-11-19T16:23:54.716Z] ERROR: [PROFILING] Get Meal by ID: refresh [Request ID: b6cee8e1-0fa7-4c34-bb1b-01706c91c5d4] - Error: Error al obtener la comida por ID
[2024-11-19T16:23:54.716Z] INFO: [PROFILING] Get Meal by ID: refresh [Request ID: b6cee8e1-0fa7-4c34-bb1b-01706c91c5d4] - Response Time: 46ms
[2024-11-19T16:29:13.996Z] INFO: Iniciando servidor...
[2024-11-19T16:29:13.998Z] INFO: Modelos cargados: Authentication, meals, menu, user_meals, usuario, sequelize, Sequelize
[2024-11-19T16:29:14.180Z] INFO: Conexión exitosa a la base de datos.
[2024-11-19T16:29:14.182Z] INFO: Sincronización de todas las tablas completada.
[2024-11-19T16:29:14.185Z] INFO: Servidor ejecutándose en el puerto 5001
[2024-11-19T16:29:14.193Z] INFO: Menus encontrados: [{"id":1,"userId":11,"mealId":1,"name":"Breakfast Burrito","calories":300,"protein":12,"fats":15,"carbs":30,"mealType":"unknown","createdAt":"2024-11-19T15:02:24.796Z","updatedAt":"2024-11-19T15:02:24.796Z"}]
[2024-11-19T16:36:42.781Z] INFO: [PROFILING] Get All Meals [Request ID: 30679918-1eaa-44b9-84c9-f6b7416b6d4a] - Start
[2024-11-19T16:36:42.812Z] INFO: [PROFILING] Get All Meals [Request ID: 30679918-1eaa-44b9-84c9-f6b7416b6d4a] - ⚡ Cache hit for all_meals
[2024-11-19T16:36:42.812Z] INFO: [PROFILING] Get All Meals [Request ID: 30679918-1eaa-44b9-84c9-f6b7416b6d4a] - Response Time: 23ms
[2024-11-19T16:36:42.813Z] INFO: [PROFILING] Get All Meals [Request ID: 30679918-1eaa-44b9-84c9-f6b7416b6d4a] - End
[2024-11-19T16:36:42.827Z] INFO: [PROFILING] Get All Meals [Request ID: b358ee8f-a111-4d64-89bb-a1423cd6b38c] - Start
[2024-11-19T16:36:42.840Z] INFO: [PROFILING] Get All Meals [Request ID: b358ee8f-a111-4d64-89bb-a1423cd6b38c] - ⚡ Cache hit for all_meals
[2024-11-19T16:36:42.841Z] INFO: [PROFILING] Get All Meals [Request ID: b358ee8f-a111-4d64-89bb-a1423cd6b38c] - Response Time: 12ms
[2024-11-19T16:36:42.842Z] INFO: [PROFILING] Get All Meals [Request ID: b358ee8f-a111-4d64-89bb-a1423cd6b38c] - End
[2024-11-19T16:36:44.710Z] INFO: [PROFILING] Get Meal by ID: refresh [Request ID: 31fca144-77a6-4ba7-9315-67cbc66b4b51] - Start
[2024-11-19T16:36:44.716Z] WARN: [PROFILING] Get Meal by ID: refresh [Request ID: 31fca144-77a6-4ba7-9315-67cbc66b4b51] - ❌ Cache miss for meal:refresh
[2024-11-19T16:36:44.717Z] INFO: [PROFILING START] Database Query: Get Meal by ID: refresh
[2024-11-19T16:36:44.739Z] ERROR: ❌ Error en getMealById:
[2024-11-19T16:36:44.740Z] ERROR: [PROFILING] Get Meal by ID: refresh [Request ID: 31fca144-77a6-4ba7-9315-67cbc66b4b51] - Error: Error al obtener la comida por ID
[2024-11-19T16:36:44.741Z] INFO: [PROFILING] Get Meal by ID: refresh [Request ID: 31fca144-77a6-4ba7-9315-67cbc66b4b51] - Response Time: 27ms
[2024-11-19T16:44:39.743Z] INFO: Iniciando servidor...
[2024-11-19T16:44:39.745Z] INFO: Modelos cargados: Authentication, meals, menu, user_meals, usuario, sequelize, Sequelize
[2024-11-19T16:44:39.872Z] INFO: Conexión exitosa a la base de datos.
[2024-11-19T16:44:39.873Z] INFO: Sincronización de todas las tablas completada.
[2024-11-19T16:44:39.875Z] INFO: Servidor ejecutándose en el puerto 5001
[2024-11-19T16:44:39.880Z] INFO: Menus encontrados: [{"id":1,"userId":11,"mealId":1,"name":"Breakfast Burrito","calories":300,"protein":12,"fats":15,"carbs":30,"mealType":"unknown","createdAt":"2024-11-19T15:02:24.796Z","updatedAt":"2024-11-19T15:02:24.796Z"}]
[2024-11-19T16:45:35.164Z] INFO: Iniciando servidor...
[2024-11-19T16:45:35.165Z] INFO: Modelos cargados: Authentication, meals, menu, user_meals, usuario, sequelize, Sequelize
[2024-11-19T16:45:35.244Z] INFO: Menus encontrados: [{"id":1,"userId":11,"mealId":1,"name":"Breakfast Burrito","calories":300,"protein":12,"fats":15,"carbs":30,"mealType":"unknown","createdAt":"2024-11-19T15:02:24.796Z","updatedAt":"2024-11-19T15:02:24.796Z"}]
[2024-11-19T16:45:35.245Z] INFO: Conexión exitosa a la base de datos.
[2024-11-19T16:45:35.246Z] INFO: Sincronización de todas las tablas completada.
[2024-11-19T16:45:35.248Z] INFO: Servidor ejecutándose en el puerto 5001
[2024-11-19T16:45:50.997Z] INFO: [PROFILING] Get All Meals [Request ID: 89e2bd9b-0fb8-4a92-b9e0-eaad45287cdc] - Start
[2024-11-19T16:45:51.002Z] INFO: [PROFILING] Get All Meals [Request ID: 89e2bd9b-0fb8-4a92-b9e0-eaad45287cdc] - ⚡ Cache hit for all_meals
[2024-11-19T16:45:51.005Z] INFO: [PROFILING] Get All Meals [Request ID: 89e2bd9b-0fb8-4a92-b9e0-eaad45287cdc] - Response Time: 4ms
[2024-11-19T16:45:51.008Z] INFO: [PROFILING] Get All Meals [Request ID: 89e2bd9b-0fb8-4a92-b9e0-eaad45287cdc] - End
[2024-11-19T16:45:51.051Z] INFO: [PROFILING] Get All Meals [Request ID: b3d2f30b-476d-410d-9574-8d922cf07ee7] - Start
[2024-11-19T16:45:51.054Z] INFO: [PROFILING] Get All Meals [Request ID: b3d2f30b-476d-410d-9574-8d922cf07ee7] - ⚡ Cache hit for all_meals
[2024-11-19T16:45:51.055Z] INFO: [PROFILING] Get All Meals [Request ID: b3d2f30b-476d-410d-9574-8d922cf07ee7] - Response Time: 1ms
[2024-11-19T16:45:51.055Z] INFO: [PROFILING] Get All Meals [Request ID: b3d2f30b-476d-410d-9574-8d922cf07ee7] - End
[2024-11-19T16:45:53.270Z] INFO: [PROFILING] Get Meal by ID: refresh [Request ID: b6bb4115-a28d-4704-b2f9-257f0e9f7fd6] - Start
[2024-11-19T16:45:53.274Z] WARN: [PROFILING] Get Meal by ID: refresh [Request ID: b6bb4115-a28d-4704-b2f9-257f0e9f7fd6] - ❌ Cache miss for meal:refresh
[2024-11-19T16:45:53.274Z] INFO: [PROFILING START] Database Query: Get Meal by ID: refresh
[2024-11-19T16:45:53.284Z] ERROR: ❌ Error en getMealById:
[2024-11-19T16:45:53.284Z] ERROR: [PROFILING] Get Meal by ID: refresh [Request ID: b6bb4115-a28d-4704-b2f9-257f0e9f7fd6] - Error: Error al obtener la comida por ID
[2024-11-19T16:45:53.285Z] INFO: [PROFILING] Get Meal by ID: refresh [Request ID: b6bb4115-a28d-4704-b2f9-257f0e9f7fd6] - Response Time: 13ms
[2024-11-19T16:48:56.525Z] INFO: [PROFILING] Get All Meals [Request ID: 570e73cb-8598-4fc4-8691-68c86a1fcaa7] - Start
[2024-11-19T16:48:56.530Z] INFO: [PROFILING] Get All Meals [Request ID: 570e73cb-8598-4fc4-8691-68c86a1fcaa7] - ⚡ Cache hit for all_meals
[2024-11-19T16:48:56.530Z] INFO: [PROFILING] Get All Meals [Request ID: 570e73cb-8598-4fc4-8691-68c86a1fcaa7] - Response Time: 3ms
[2024-11-19T16:48:56.530Z] INFO: [PROFILING] Get All Meals [Request ID: 570e73cb-8598-4fc4-8691-68c86a1fcaa7] - End
[2024-11-19T16:48:56.539Z] INFO: [PROFILING] Get All Meals [Request ID: 5b6d20bd-b28f-4504-ab6b-0c9573767c05] - Start
[2024-11-19T16:48:56.545Z] INFO: [PROFILING] Get All Meals [Request ID: 5b6d20bd-b28f-4504-ab6b-0c9573767c05] - ⚡ Cache hit for all_meals
[2024-11-19T16:48:56.546Z] INFO: [PROFILING] Get All Meals [Request ID: 5b6d20bd-b28f-4504-ab6b-0c9573767c05] - Response Time: 6ms
[2024-11-19T16:48:56.546Z] INFO: [PROFILING] Get All Meals [Request ID: 5b6d20bd-b28f-4504-ab6b-0c9573767c05] - End
[2024-11-19T16:48:58.335Z] INFO: [PROFILING] Get Meal by ID: refresh [Request ID: a3f66269-dcf0-4213-959f-04ed5c8e280a] - Start
[2024-11-19T16:48:58.349Z] WARN: [PROFILING] Get Meal by ID: refresh [Request ID: a3f66269-dcf0-4213-959f-04ed5c8e280a] - ❌ Cache miss for meal:refresh
[2024-11-19T16:48:58.350Z] INFO: [PROFILING START] Database Query: Get Meal by ID: refresh
[2024-11-19T16:48:58.362Z] ERROR: ❌ Error en getMealById:
[2024-11-19T16:48:58.362Z] ERROR: [PROFILING] Get Meal by ID: refresh [Request ID: a3f66269-dcf0-4213-959f-04ed5c8e280a] - Error: Error al obtener la comida por ID
[2024-11-19T16:48:58.362Z] INFO: [PROFILING] Get Meal by ID: refresh [Request ID: a3f66269-dcf0-4213-959f-04ed5c8e280a] - Response Time: 25ms
[2024-11-19T16:55:30.736Z] INFO: Iniciando servidor...
[2024-11-19T16:55:30.738Z] INFO: Modelos cargados: Authentication, meals, menu, user_meals, usuario, sequelize, Sequelize
[2024-11-19T16:55:30.822Z] INFO: Menus encontrados: [{"id":1,"userId":11,"mealId":1,"name":"Breakfast Burrito","calories":300,"protein":12,"fats":15,"carbs":30,"mealType":"unknown","createdAt":"2024-11-19T15:02:24.796Z","updatedAt":"2024-11-19T15:02:24.796Z"}]
[2024-11-19T16:55:30.824Z] INFO: Conexión exitosa a la base de datos.
[2024-11-19T16:55:30.826Z] INFO: Sincronización de todas las tablas completada.
[2024-11-19T16:55:30.827Z] INFO: Servidor ejecutándose en el puerto 5001
[2024-11-19T16:55:38.482Z] INFO: [PROFILING] Get All Meals [Request ID: 80e28922-6c54-4bcd-a0e6-59b6fe6b7580] - Start
[2024-11-19T16:55:38.492Z] INFO: [PROFILING] Get All Meals [Request ID: 80e28922-6c54-4bcd-a0e6-59b6fe6b7580] - ⚡ Cache hit for all_meals
[2024-11-19T16:55:38.492Z] INFO: [PROFILING] Get All Meals [Request ID: 80e28922-6c54-4bcd-a0e6-59b6fe6b7580] - Response Time: 7ms
[2024-11-19T16:55:38.493Z] INFO: [PROFILING] Get All Meals [Request ID: 80e28922-6c54-4bcd-a0e6-59b6fe6b7580] - End
[2024-11-19T16:55:38.538Z] INFO: [PROFILING] Get All Meals [Request ID: 9abcd01f-1fdd-4d78-abbc-3c8759471af0] - Start
[2024-11-19T16:55:38.551Z] INFO: [PROFILING] Get All Meals [Request ID: 9abcd01f-1fdd-4d78-abbc-3c8759471af0] - ⚡ Cache hit for all_meals
[2024-11-19T16:55:38.551Z] INFO: [PROFILING] Get All Meals [Request ID: 9abcd01f-1fdd-4d78-abbc-3c8759471af0] - Response Time: 10ms
[2024-11-19T16:55:38.551Z] INFO: [PROFILING] Get All Meals [Request ID: 9abcd01f-1fdd-4d78-abbc-3c8759471af0] - End
[2024-11-19T16:55:40.244Z] INFO: [PROFILING] Refresh Cache [Request ID: 94d2724e-9c37-4cd4-a875-7d0178fee16b] - Start
[2024-11-19T16:55:40.245Z] INFO: [PROFILING START] Database Query: Get All Meals
[2024-11-19T16:55:40.270Z] INFO: [PROFILING END] Database Query: Get All Meals
[2024-11-19T16:55:40.274Z] INFO: [PROFILING] Refresh Cache [Request ID: 94d2724e-9c37-4cd4-a875-7d0178fee16b] - ✅ Cache refreshed successfully.
[2024-11-19T16:55:40.274Z] INFO: [PROFILING] Refresh Cache [Request ID: 94d2724e-9c37-4cd4-a875-7d0178fee16b] - Response Time: 29ms
[2024-11-19T16:55:40.275Z] INFO: [PROFILING] Refresh Cache [Request ID: 94d2724e-9c37-4cd4-a875-7d0178fee16b] - End
[2024-11-19T16:55:40.285Z] INFO: [PROFILING] Get All Meals [Request ID: 898c80a1-ceb0-4a99-9fee-16d388834716] - Start
[2024-11-19T16:55:40.287Z] INFO: [PROFILING] Get All Meals [Request ID: 898c80a1-ceb0-4a99-9fee-16d388834716] - ⚡ Cache hit for all_meals
[2024-11-19T16:55:40.287Z] INFO: [PROFILING] Get All Meals [Request ID: 898c80a1-ceb0-4a99-9fee-16d388834716] - Response Time: 1ms
[2024-11-19T16:55:40.288Z] INFO: [PROFILING] Get All Meals [Request ID: 898c80a1-ceb0-4a99-9fee-16d388834716] - End
[2024-11-19T16:56:54.321Z] INFO: [PROFILING] Refresh Cache [Request ID: 59646327-d1e2-4b65-8116-ee6e249d63b1] - Start
[2024-11-19T16:56:54.324Z] INFO: [PROFILING START] Database Query: Get All Meals
[2024-11-19T16:56:54.389Z] INFO: [PROFILING END] Database Query: Get All Meals
[2024-11-19T16:56:54.393Z] INFO: [PROFILING] Refresh Cache [Request ID: 59646327-d1e2-4b65-8116-ee6e249d63b1] - ✅ Cache refreshed successfully.
[2024-11-19T16:56:54.393Z] INFO: [PROFILING] Refresh Cache [Request ID: 59646327-d1e2-4b65-8116-ee6e249d63b1] - Response Time: 69ms
[2024-11-19T16:56:54.393Z] INFO: [PROFILING] Refresh Cache [Request ID: 59646327-d1e2-4b65-8116-ee6e249d63b1] - End
[2024-11-19T16:56:54.410Z] INFO: [PROFILING] Get All Meals [Request ID: b3d3887a-6699-4006-8cce-807e5dd6c993] - Start
[2024-11-19T16:56:54.412Z] INFO: [PROFILING] Get All Meals [Request ID: b3d3887a-6699-4006-8cce-807e5dd6c993] - ⚡ Cache hit for all_meals
[2024-11-19T16:56:54.412Z] INFO: [PROFILING] Get All Meals [Request ID: b3d3887a-6699-4006-8cce-807e5dd6c993] - Response Time: 2ms
[2024-11-19T16:56:54.412Z] INFO: [PROFILING] Get All Meals [Request ID: b3d3887a-6699-4006-8cce-807e5dd6c993] - End
[2024-11-19T16:56:59.437Z] INFO: [PROFILING] Add Meal to Menu [Request ID: 316e1b0c-6628-49ba-9b7e-fc026edf28cb] - Start
[2024-11-19T16:56:59.460Z] INFO: [PROFILING] Add Meal to Menu [Request ID: 316e1b0c-6628-49ba-9b7e-fc026edf28cb] - Nuevo menú creado: {"id":2,"userId":11,"mealId":11,"name":"Tamales de Chipilin","calories":400,"protein":30,"fats":40,"carbs":40,"mealType":"dinner","updatedAt":"2024-11-19T16:56:59.445Z","createdAt":"2024-11-19T16:56:59.445Z"}
[2024-11-19T16:56:59.461Z] INFO: [PROFILING] Add Meal to Menu [Request ID: 316e1b0c-6628-49ba-9b7e-fc026edf28cb] - Response Time: 24ms
[2024-11-19T16:56:59.461Z] INFO: [PROFILING] Add Meal to Menu [Request ID: 316e1b0c-6628-49ba-9b7e-fc026edf28cb] - End
[2024-11-19T16:57:02.647Z] INFO: [PROFILING] Get User Menu [Request ID: d36949ba-16ad-473c-a6ff-06334e242064] - Start
[2024-11-19T16:57:02.661Z] INFO: [PROFILING] Get User Menu [Request ID: d36949ba-16ad-473c-a6ff-06334e242064] - Menú encontrado para userId 11: [{"id":1,"userId":11,"mealId":1,"name":"Breakfast Burrito","calories":300,"protein":12,"fats":15,"carbs":30,"mealType":"unknown","createdAt":"2024-11-19T15:02:24.796Z","updatedAt":"2024-11-19T15:02:24.796Z","meal":{"id":1,"name":"Breakfast Burrito","calories":300,"protein":12,"fats":15,"carbs":30,"mealType":"unknown","createdAt":"2024-11-19T13:01:19.964Z","updatedAt":"2024-11-19T13:01:19.964Z"}},{"id":2,"userId":11,"mealId":11,"name":"Tamales de Chipilin","calories":400,"protein":30,"fats":40,"carbs":40,"mealType":"dinner","createdAt":"2024-11-19T16:56:59.445Z","updatedAt":"2024-11-19T16:56:59.445Z","meal":{"id":11,"name":"Tamales de Chipilin","calories":400,"protein":30,"fats":40,"carbs":40,"mealType":"dinner","createdAt":"2024-11-19T15:11:30.857Z","updatedAt":"2024-11-19T15:11:30.857Z"}}]
[2024-11-19T16:57:02.661Z] INFO: [PROFILING] Get User Menu [Request ID: d36949ba-16ad-473c-a6ff-06334e242064] - Response Time: 13ms
[2024-11-19T16:57:02.661Z] INFO: [PROFILING] Get User Menu [Request ID: d36949ba-16ad-473c-a6ff-06334e242064] - End
[2024-11-19T16:57:02.665Z] INFO: [PROFILING] Get User Menu [Request ID: 4b341fc8-7e2c-4d16-a502-3eba04c1b6a3] - Start
[2024-11-19T16:57:02.668Z] INFO: [PROFILING] Get User Menu [Request ID: 4b341fc8-7e2c-4d16-a502-3eba04c1b6a3] - Menú encontrado para userId 11: [{"id":1,"userId":11,"mealId":1,"name":"Breakfast Burrito","calories":300,"protein":12,"fats":15,"carbs":30,"mealType":"unknown","createdAt":"2024-11-19T15:02:24.796Z","updatedAt":"2024-11-19T15:02:24.796Z","meal":{"id":1,"name":"Breakfast Burrito","calories":300,"protein":12,"fats":15,"carbs":30,"mealType":"unknown","createdAt":"2024-11-19T13:01:19.964Z","updatedAt":"2024-11-19T13:01:19.964Z"}},{"id":2,"userId":11,"mealId":11,"name":"Tamales de Chipilin","calories":400,"protein":30,"fats":40,"carbs":40,"mealType":"dinner","createdAt":"2024-11-19T16:56:59.445Z","updatedAt":"2024-11-19T16:56:59.445Z","meal":{"id":11,"name":"Tamales de Chipilin","calories":400,"protein":30,"fats":40,"carbs":40,"mealType":"dinner","createdAt":"2024-11-19T15:11:30.857Z","updatedAt":"2024-11-19T15:11:30.857Z"}}]
[2024-11-19T16:57:02.669Z] INFO: [PROFILING] Get User Menu [Request ID: 4b341fc8-7e2c-4d16-a502-3eba04c1b6a3] - Response Time: 4ms
[2024-11-19T16:57:02.669Z] INFO: [PROFILING] Get User Menu [Request ID: 4b341fc8-7e2c-4d16-a502-3eba04c1b6a3] - End
[2024-11-19T17:39:13.830Z] INFO: Iniciando servidor...
[2024-11-19T17:39:13.833Z] INFO: Modelos cargados: Authentication, meals, menu, user_meals, usuario, sequelize, Sequelize
[2024-11-19T17:39:14.119Z] INFO: Conexión exitosa a la base de datos.
[2024-11-19T17:39:14.122Z] INFO: Sincronización de todas las tablas completada.
[2024-11-19T17:39:14.126Z] INFO: Servidor ejecutándose en el puerto 5001
[2024-11-19T17:39:14.128Z] INFO: Menus encontrados: []
[2024-11-19T17:53:37.816Z] INFO: Iniciando servidor...
[2024-11-19T17:53:37.820Z] INFO: Modelos cargados: Authentication, meals, menu, user_meals, usuario, sequelize, Sequelize
[2024-11-19T17:53:38.143Z] INFO: Conexión exitosa a la base de datos.
[2024-11-19T17:53:38.148Z] INFO: Sincronización de todas las tablas completada.
[2024-11-19T17:53:38.162Z] INFO: Servidor ejecutándose en el puerto 5001
[2024-11-19T17:53:38.168Z] INFO: Menus encontrados: []
[2024-11-19T18:08:46.794Z] INFO: [PROFILING] Get All Meals [Request ID: 273705a2-2b74-4cc9-ba9f-007e62d33c30] - Start
[2024-11-19T18:08:46.805Z] WARN: [PROFILING] Get All Meals [Request ID: 273705a2-2b74-4cc9-ba9f-007e62d33c30] - ❌ Cache miss for all_meals
[2024-11-19T18:08:46.805Z] INFO: [PROFILING START] Database Query: Get All Meals
[2024-11-19T18:08:46.811Z] INFO: [PROFILING] Get User Menu [Request ID: a5acb625-07a4-4ff8-b559-801c192adac9] - Start
[2024-11-19T18:08:46.821Z] INFO: [PROFILING END] Database Query: Get All Meals
[2024-11-19T18:08:46.828Z] INFO: [PROFILING] Get User Menu [Request ID: a5acb625-07a4-4ff8-b559-801c192adac9] - Menú encontrado para userId 12: []
[2024-11-19T18:08:46.829Z] INFO: [PROFILING] Get User Menu [Request ID: a5acb625-07a4-4ff8-b559-801c192adac9] - Response Time: 18ms
[2024-11-19T18:08:46.829Z] INFO: [PROFILING] Get User Menu [Request ID: a5acb625-07a4-4ff8-b559-801c192adac9] - End
[2024-11-19T18:08:46.831Z] INFO: [PROFILING] Get All Meals [Request ID: 273705a2-2b74-4cc9-ba9f-007e62d33c30] - ✅ Data cached for all_meals
[2024-11-19T18:08:46.831Z] INFO: [PROFILING] Get All Meals [Request ID: 273705a2-2b74-4cc9-ba9f-007e62d33c30] - Response Time: 36ms
[2024-11-19T18:08:46.831Z] INFO: [PROFILING] Get All Meals [Request ID: 273705a2-2b74-4cc9-ba9f-007e62d33c30] - End
[2024-11-19T18:08:46.836Z] INFO: [PROFILING] Get User Menu [Request ID: edf18368-3551-4310-9a32-cf692ba0eb31] - Start
[2024-11-19T18:08:46.842Z] INFO: [PROFILING] Get All Meals [Request ID: 938a2a14-5e1f-4ea5-b04b-67fc26d1f56e] - Start
[2024-11-19T18:08:46.843Z] INFO: [PROFILING] Get User Menu [Request ID: edf18368-3551-4310-9a32-cf692ba0eb31] - Menú encontrado para userId 12: []
[2024-11-19T18:08:46.843Z] INFO: [PROFILING] Get User Menu [Request ID: edf18368-3551-4310-9a32-cf692ba0eb31] - Response Time: 7ms
[2024-11-19T18:08:46.843Z] INFO: [PROFILING] Get User Menu [Request ID: edf18368-3551-4310-9a32-cf692ba0eb31] - End
[2024-11-19T18:08:46.846Z] INFO: [PROFILING] Get All Meals [Request ID: 938a2a14-5e1f-4ea5-b04b-67fc26d1f56e] - ⚡ Cache hit for all_meals
[2024-11-19T18:08:46.846Z] INFO: [PROFILING] Get All Meals [Request ID: 938a2a14-5e1f-4ea5-b04b-67fc26d1f56e] - Response Time: 4ms
[2024-11-19T18:08:46.846Z] INFO: [PROFILING] Get All Meals [Request ID: 938a2a14-5e1f-4ea5-b04b-67fc26d1f56e] - End
[2024-11-19T18:08:55.721Z] INFO: [PROFILING] Get All Meals [Request ID: 1d69b748-dde8-49d0-9c3a-8d44980dc8e9] - Start
[2024-11-19T18:08:55.722Z] INFO: [PROFILING] Get All Meals [Request ID: 1d69b748-dde8-49d0-9c3a-8d44980dc8e9] - ⚡ Cache hit for all_meals
[2024-11-19T18:08:55.723Z] INFO: [PROFILING] Get All Meals [Request ID: 1d69b748-dde8-49d0-9c3a-8d44980dc8e9] - Response Time: 1ms
[2024-11-19T18:08:55.723Z] INFO: [PROFILING] Get All Meals [Request ID: 1d69b748-dde8-49d0-9c3a-8d44980dc8e9] - End
[2024-11-19T18:08:55.726Z] INFO: [PROFILING] Get All Meals [Request ID: 472c9490-f0db-4e33-95ac-9c015b8adba3] - Start
[2024-11-19T18:08:55.727Z] INFO: [PROFILING] Get All Meals [Request ID: 472c9490-f0db-4e33-95ac-9c015b8adba3] - ⚡ Cache hit for all_meals
[2024-11-19T18:08:55.727Z] INFO: [PROFILING] Get All Meals [Request ID: 472c9490-f0db-4e33-95ac-9c015b8adba3] - Response Time: 1ms
[2024-11-19T18:08:55.728Z] INFO: [PROFILING] Get All Meals [Request ID: 472c9490-f0db-4e33-95ac-9c015b8adba3] - End
[2024-11-19T18:08:58.288Z] INFO: [PROFILING] Add Meal to Menu [Request ID: b660b4d5-ba82-43b9-a8d5-5197dc9ffbc6] - Start
[2024-11-19T18:08:58.349Z] INFO: [PROFILING] Add Meal to Menu [Request ID: b660b4d5-ba82-43b9-a8d5-5197dc9ffbc6] - Nuevo menú creado: {"id":1,"userId":12,"mealId":1,"name":"Breakfast Burrito","calories":300,"protein":12,"fats":15,"carbs":30,"mealType":"unknown","updatedAt":"2024-11-19T18:08:58.323Z","createdAt":"2024-11-19T18:08:58.323Z"}
[2024-11-19T18:08:58.349Z] INFO: [PROFILING] Add Meal to Menu [Request ID: b660b4d5-ba82-43b9-a8d5-5197dc9ffbc6] - Response Time: 60ms
[2024-11-19T18:08:58.349Z] INFO: [PROFILING] Add Meal to Menu [Request ID: b660b4d5-ba82-43b9-a8d5-5197dc9ffbc6] - End
[2024-11-19T18:09:02.614Z] INFO: [PROFILING] Get User Menu [Request ID: 2519cd7d-c3db-4ee4-b2d6-def2a7a62b6b] - Start
[2024-11-19T18:09:02.625Z] INFO: [PROFILING] Get User Menu [Request ID: 2519cd7d-c3db-4ee4-b2d6-def2a7a62b6b] - Menú encontrado para userId 12: [{"id":1,"userId":12,"mealId":1,"name":"Breakfast Burrito","calories":300,"protein":12,"fats":15,"carbs":30,"mealType":"unknown","createdAt":"2024-11-19T18:08:58.323Z","updatedAt":"2024-11-19T18:08:58.323Z","meal":{"id":1,"name":"Breakfast Burrito","calories":300,"protein":12,"fats":15,"carbs":30,"mealType":"unknown","createdAt":"2024-11-19T04:10:59.319Z","updatedAt":"2024-11-19T04:10:59.319Z"}}]
[2024-11-19T18:09:02.625Z] INFO: [PROFILING] Get User Menu [Request ID: 2519cd7d-c3db-4ee4-b2d6-def2a7a62b6b] - Response Time: 8ms
[2024-11-19T18:09:02.625Z] INFO: [PROFILING] Get User Menu [Request ID: 2519cd7d-c3db-4ee4-b2d6-def2a7a62b6b] - End
[2024-11-19T18:09:02.628Z] INFO: [PROFILING] Get User Menu [Request ID: 946d9135-de82-497a-ad4b-7ff29a271cf0] - Start
[2024-11-19T18:09:02.632Z] INFO: [PROFILING] Get User Menu [Request ID: 946d9135-de82-497a-ad4b-7ff29a271cf0] - Menú encontrado para userId 12: [{"id":1,"userId":12,"mealId":1,"name":"Breakfast Burrito","calories":300,"protein":12,"fats":15,"carbs":30,"mealType":"unknown","createdAt":"2024-11-19T18:08:58.323Z","updatedAt":"2024-11-19T18:08:58.323Z","meal":{"id":1,"name":"Breakfast Burrito","calories":300,"protein":12,"fats":15,"carbs":30,"mealType":"unknown","createdAt":"2024-11-19T04:10:59.319Z","updatedAt":"2024-11-19T04:10:59.319Z"}}]
[2024-11-19T18:09:02.632Z] INFO: [PROFILING] Get User Menu [Request ID: 946d9135-de82-497a-ad4b-7ff29a271cf0] - Response Time: 4ms
[2024-11-19T18:09:02.632Z] INFO: [PROFILING] Get User Menu [Request ID: 946d9135-de82-497a-ad4b-7ff29a271cf0] - End
